<?xml version="1.0" encoding="UTF-8"?>
<robot generator="Robot 6.0.2 (Python 3.12.6 on darwin)" generated="20241111 21:43:53.451" rpa="false" schemaversion="3">
<suite id="s1" name="Api Test Cases" source="/Users/aum/aperture_qa_technical_assesment/test_cases/api_test_cases.robot">
<test id="s1-t1" name="Verify A Successful Response Code And All Product Information For Get All Products API" line="8">
<kw name="Send A Get Request" library="api_keywords">
<var>${get_all_products_api_response_body}</var>
<arg>alias=${get_all_products_api.alias}</arg>
<arg>host_url=${base_url}</arg>
<arg>uri=${get_all_products_api.uri}</arg>
<kw name="Create Session" library="RequestsLibrary">
<arg>${alias}</arg>
<arg>${host_url}</arg>
<arg>disable_warnings=${disable_warnings}</arg>
<doc>Create Session: create a HTTP session to a server</doc>
<msg timestamp="20241111 21:43:53.558" level="INFO">Creating Session using : alias=get-all-products, url=https://fakestoreapi.com, headers={},                     cookies={}, auth=None, timeout=None, proxies=None, verify=False,                     debug=0 </msg>
<status status="PASS" starttime="20241111 21:43:53.557" endtime="20241111 21:43:53.558"/>
</kw>
<kw name="GET On Session" library="RequestsLibrary">
<var>${response}</var>
<arg>alias=${alias}</arg>
<arg>url=${uri}</arg>
<arg>params=${params}</arg>
<arg>expected_status=${status}</arg>
<doc>Sends a GET request on a previously created HTTP Session.</doc>
<msg timestamp="20241111 21:43:55.295" level="INFO">GET Request : url=https://fakestoreapi.com/products 
 path_url=/products 
 headers={'User-Agent': 'python-requests/2.28.2', 'Accept-Encoding': 'gzip, deflate', 'Accept': '*/*', 'Connection': 'keep-alive'} 
 body=None 
 </msg>
<msg timestamp="20241111 21:43:55.295" level="INFO">GET Response : url=https://fakestoreapi.com/products 
 status=200, reason=OK 
 headers={'Date': 'Mon, 11 Nov 2024 14:43:54 GMT', 'Content-Type': 'application/json; charset=utf-8', 'Transfer-Encoding': 'chunked', 'Connection': 'keep-alive', 'access-control-allow-origin': '*', 'etag': 'W/"297c-h+n6NsR3M51S6528jZo3BluzvtU"', 'x-powered-by': 'Express', 'cf-cache-status': 'DYNAMIC', 'Report-To': '{"endpoints":[{"url":"https:\\/\\/a.nel.cloudflare.com\\/report\\/v4?s=T0wenNgUG9JT5QDIvzdZdfueN9aI0HpyWFCUc3aE47mDIb4nWumjrkLwpvsJQC%2BSOHhZLdmNto0pQJ6qIMOXhlBXorUq3CVQQGIBcYeitUen%2FkFAgbMnG2o%2FgnCCar5fMqRM7GlzFrAu%2BQHQ6hhQ"}],"group":"cf-nel","max_age":604800}', 'NEL': '{"success_fraction":0,"report_to":"cf-nel","max_age":604800}', 'Server': 'cloudflare', 'CF-RAY': '8e0f0ea71b3d80f0-NRT', 'Content-Encoding': 'gzip', 'alt-svc': 'h3=":443"; ma=86400', 'server-timing': 'cfL4;desc="?proto=TCP&amp;rtt=131835&amp;sent=5&amp;recv=6&amp;lost=0&amp;retrans=0&amp;sent_bytes=2854&amp;recv_bytes=774&amp;delivery_rate=17732&amp;cwnd=252&amp;unsent_bytes=0&amp;cid=beddc3b6f56fd6a5&amp;ts=1072&amp;x=0"'} 
 body=[{"id":1,"title":"Fjallraven - Foldsack No. 1 Backpack, Fits 15 Laptops","price":109.95,"description":"Your perfect pack for everyday use and walks in the forest. Stash your laptop (up to 15 inches) in the padded sleeve, your everyday","category":"men's clothing","image":"https://fakestoreapi.com/img/81fPKd-2AYL._AC_SL1500_.jpg","rating":{"rate":3.9,"count":120}},{"id":2,"title":"Mens Casual Premium Slim Fit T-Shirts ","price":22.3,"description":"Slim-fitting style, contrast raglan long sleeve, three-button henley placket, light weight &amp; soft fabric for breathable and comfortable wearing. And Solid stitched shirts with round neck made for durability and a great fit for casual fashion wear and diehard baseball fans. The Henley style round neckline includes a three-button placket.","category":"men's clothing","image":"https://fakestoreapi.com/img/71-3HjGNDUL._AC_SY879._SX._UX._SY._UY_.jpg","rating":{"rate":4.1,"count":259}},{"id":3,"title":"Mens Cotton Jacket","price":55.99,"description":"great outerwear jackets for Spring/Autumn/Winter, suitable for many occasions, such as working, hiking, camping, mountain/rock climbing, cycling, traveling or other outdoors. Good gift choice for you or your family member. A warm hearted love to Father, husband or son in this thanksgiving or Christmas Day.","category":"men's clothing","image":"https://fakestoreapi.com/img/71li-ujtlUL._AC_UX679_.jpg","rating":{"rate":4.7,"count":500}},{"id":4,"title":"Mens Casual Slim Fit","price":15.99,"description":"The color could be slightly different between on the screen and in practice. / Please note that body builds vary by person, therefore, detailed size information should be reviewed below on the product description.","category":"men's clothing","image":"https://fakestoreapi.com/img/71YXzeOuslL._AC_UY879_.jpg","rating":{"rate":2.1,"count":430}},{"id":5,"title":"John Hardy Women's Legends Naga Gold &amp; Silver Dragon Station Chain Bracelet","price":695,"description":"From our Legends Collection, the Naga was inspired by the mythical water dragon that protects the ocean's pearl. Wear facing inward to be bestowed with love and abundance, or outward for protection.","category":"jewelery","image":"https://fakestoreapi.com/img/71pWzhdJNwL._AC_UL640_QL65_ML3_.jpg","rating":{"rate":4.6,"count":400}},{"id":6,"title":"Solid Gold Petite Micropave ","price":168,"description":"Satisfaction Guaranteed. Return or exchange any order within 30 days.Designed and sold by Hafeez Center in the United States. Satisfaction Guaranteed. Return or exchange any order within 30 days.","category":"jewelery","image":"https://fakestoreapi.com/img/61sbMiUnoGL._AC_UL640_QL65_ML3_.jpg","rating":{"rate":3.9,"count":70}},{"id":7,"title":"White Gold Plated Princess","price":9.99,"description":"Classic Created Wedding Engagement Solitaire Diamond Promise Ring for Her. Gifts to spoil your love more for Engagement, Wedding, Anniversary, Valentine's Day...","category":"jewelery","image":"https://fakestoreapi.com/img/71YAIFU48IL._AC_UL640_QL65_ML3_.jpg","rating":{"rate":3,"count":400}},{"id":8,"title":"Pierced Owl Rose Gold Plated Stainless Steel Double","price":10.99,"description":"Rose Gold Plated Double Flared Tunnel Plug Earrings. Made of 316L Stainless Steel","category":"jewelery","image":"https://fakestoreapi.com/img/51UDEzMJVpL._AC_UL640_QL65_ML3_.jpg","rating":{"rate":1.9,"count":100}},{"id":9,"title":"WD 2TB Elements Portable External Hard Drive - USB 3.0 ","price":64,"description":"USB 3.0 and USB 2.0 Compatibility Fast data transfers Improve PC Performance High Capacity; Compatibility Formatted NTFS for Windows 10, Windows 8.1, Windows 7; Reformatting may be required for other operating systems; Compatibility may vary depending on user’s hardware configuration and operating system","category":"electronics","image":"https://fakestoreapi.com/img/61IBBVJvSDL._AC_SY879_.jpg","rating":{"rate":3.3,"count":203}},{"id":10,"title":"SanDisk SSD PLUS 1TB Internal SSD - SATA III 6 Gb/s","price":109,"description":"Easy upgrade for faster boot up, shutdown, application load and response (As compared to 5400 RPM SATA 2.5” hard drive; Based on published specifications and internal benchmarking tests using PCMark vantage scores) Boosts burst write performance, making it ideal for typical PC workloads The perfect balance of performance and reliability Read/write speeds of up to 535MB/s/450MB/s (Based on internal testing; Performance may vary depending upon drive capacity, host device, OS and application.)","category":"electronics","image":"https://fakestoreapi.com/img/61U7T1koQqL._AC_SX679_.jpg","rating":{"rate":2.9,"count":470}},{"id":11,"title":"Silicon Power 256GB SSD 3D NAND A55 SLC Cache Performance Boost SATA III 2.5","price":109,"description":"3D NAND flash are applied to deliver high transfer speeds Remarkable transfer speeds that enable faster bootup and improved overall system performance. The advanced SLC Cache Technology allows performance boost and longer lifespan 7mm slim design suitable for Ultrabooks and Ultra-slim notebooks. Supports TRIM command, Garbage Collection technology, RAID, and ECC (Error Checking &amp; Correction) to provide the optimized performance and enhanced reliability.","category":"electronics","image":"https://fakestoreapi.com/img/71kWymZ+c+L._AC_SX679_.jpg","rating":{"rate":4.8,"count":319}},{"id":12,"title":"WD 4TB Gaming Drive Works with Playstation 4 Portable External Hard Drive","price":114,"description":"Expand your PS4 gaming experience, Play anywhere Fast and easy, setup Sleek design with high capacity, 3-year manufacturer's limited warranty","category":"electronics","image":"https://fakestoreapi.com/img/61mtL65D4cL._AC_SX679_.jpg","rating":{"rate":4.8,"count":400}},{"id":13,"title":"Acer SB220Q bi 21.5 inches Full HD (1920 x 1080) IPS Ultra-Thin","price":599,"description":"21. 5 inches Full HD (1920 x 1080) widescreen IPS display And Radeon free Sync technology. No compatibility for VESA Mount Refresh Rate: 75Hz - Using HDMI port Zero-frame design | ultra-thin | 4ms response time | IPS panel Aspect ratio - 16: 9. Color Supported - 16. 7 million colors. Brightness - 250 nit Tilt angle -5 degree to 15 degree. Horizontal viewing angle-178 degree. Vertical viewing angle-178 degree 75 hertz","category":"electronics","image":"https://fakestoreapi.com/img/81QpkIctqPL._AC_SX679_.jpg","rating":{"rate":2.9,"count":250}},{"id":14,"title":"Samsung 49-Inch CHG90 144Hz Curved Gaming Monitor (LC49HG90DMNXZA) – Super Ultrawide Screen QLED ","price":999.99,"description":"49 INCH SUPER ULTRAWIDE 32:9 CURVED GAMING MONITOR with dual 27 inch screen side by side QUANTUM DOT (QLED) TECHNOLOGY, HDR support and factory calibration provides stunningly realistic and accurate color and contrast 144HZ HIGH REFRESH RATE and 1ms ultra fast response time work to eliminate motion blur, ghosting, and reduce input lag","category":"electronics","image":"https://fakestoreapi.com/img/81Zt42ioCgL._AC_SX679_.jpg","rating":{"rate":2.2,"count":140}},{"id":15,"title":"BIYLACLESEN Women's 3-in-1 Snowboard Jacket Winter Coats","price":56.99,"description":"Note:The Jackets is US standard size, Please choose size as your usual wear Material: 100% Polyester; Detachable Liner Fabric: Warm Fleece. Detachable Functional Liner: Skin Friendly, Lightweigt and Warm.Stand Collar Liner jacket, keep you warm in cold weather. Zippered Pockets: 2 Zippered Hand Pockets, 2 Zippered Pockets on Chest (enough to keep cards or keys)and 1 Hidden Pocket Inside.Zippered Hand Pockets and Hidden Pocket keep your things secure. Humanized Design: Adjustable and Detachable Hood and Adjustable cuff to prevent the wind and water,for a comfortable fit. 3 in 1 Detachable Design provide more convenience, you can separate the coat and inner as needed, or wear it together. It is suitable for different season and help you adapt to different climates","category":"women's clothing","image":"https://fakestoreapi.com/img/51Y5NI-I5jL._AC_UX679_.jpg","rating":{"rate":2.6,"count":235}},{"id":16,"title":"Lock and Love Women's Removable Hooded Faux Leather Moto Biker Jacket","price":29.95,"description":"100% POLYURETHANE(shell) 100% POLYESTER(lining) 75% POLYESTER 25% COTTON (SWEATER), Faux leather material for style and comfort / 2 pockets of front, 2-For-One Hooded denim style faux leather jacket, Button detail on waist / Detail stitching at sides, HAND WASH ONLY / DO NOT BLEACH / LINE DRY / DO NOT IRON","category":"women's clothing","image":"https://fakestoreapi.com/img/81XH0e8fefL._AC_UY879_.jpg","rating":{"rate":2.9,"count":340}},{"id":17,"title":"Rain Jacket Women Windbreaker Striped Climbing Raincoats","price":39.99,"description":"Lightweight perfet for trip or casual wear---Long sleeve with hooded, adjustable drawstring waist design. Button and zipper front closure raincoat, fully stripes Lined and The Raincoat has 2 side pockets are a good size to hold all kinds of things, it covers the hips, and the hood is generous but doesn't overdo it.Attached Cotton Lined Hood with Adjustable Drawstrings give it a real styled look.","category":"women's clothing","image":"https://fakestoreapi.com/img/71HblAHs5xL._AC_UY879_-2.jpg","rating":{"rate":3.8,"count":679}},{"id":18,"title":"MBJ Women's Solid Short Sleeve Boat Neck V ","price":9.85,"description":"95% RAYON 5% SPANDEX, Made in USA or Imported, Do Not Bleach, Lightweight fabric with great stretch for comfort, Ribbed on sleeves and neckline / Double stitching on bottom hem","category":"women's clothing","image":"https://fakestoreapi.com/img/71z3kpMAYsL._AC_UY879_.jpg","rating":{"rate":4.7,"count":130}},{"id":19,"title":"Opna Women's Short Sleeve Moisture","price":7.95,"description":"100% Polyester, Machine wash, 100% cationic polyester interlock, Machine Wash &amp; Pre Shrunk for a Great Fit, Lightweight, roomy and highly breathable with moisture wicking fabric which helps to keep moisture away, Soft Lightweight Fabric with comfortable V-neck collar and a slimmer fit, delivers a sleek, ... (set the log level to DEBUG or TRACE to see the full content) 
 </msg>
<msg timestamp="20241111 21:43:55.296" level="INFO">${response} = &lt;Response [200]&gt;</msg>
<status status="PASS" starttime="20241111 21:43:53.558" endtime="20241111 21:43:55.296"/>
</kw>
<kw name="Set Variable" library="BuiltIn">
<var>${response_code}</var>
<arg>${response.status_code}</arg>
<doc>Returns the given values which can then be assigned to a variables.</doc>
<msg timestamp="20241111 21:43:55.297" level="INFO">${response_code} = 200</msg>
<status status="PASS" starttime="20241111 21:43:55.296" endtime="20241111 21:43:55.297"/>
</kw>
<kw name="Set Test Variable" library="BuiltIn">
<arg>${response_code}</arg>
<arg>${response_code}</arg>
<doc>Makes a variable available everywhere within the scope of the current test.</doc>
<msg timestamp="20241111 21:43:55.297" level="INFO">${response_code} = 200</msg>
<status status="PASS" starttime="20241111 21:43:55.297" endtime="20241111 21:43:55.297"/>
</kw>
<kw name="Log" library="BuiltIn">
<arg>${response_code}</arg>
<doc>Logs the given message with the given level.</doc>
<msg timestamp="20241111 21:43:55.297" level="INFO">200</msg>
<status status="PASS" starttime="20241111 21:43:55.297" endtime="20241111 21:43:55.297"/>
</kw>
<kw name="Log" library="BuiltIn">
<arg>${response.json()}</arg>
<doc>Logs the given message with the given level.</doc>
<msg timestamp="20241111 21:43:55.299" level="INFO">[{'id': 1, 'title': 'Fjallraven - Foldsack No. 1 Backpack, Fits 15 Laptops', 'price': 109.95, 'description': 'Your perfect pack for everyday use and walks in the forest. Stash your laptop (up to 15 inches) in the padded sleeve, your everyday', 'category': "men's clothing", 'image': 'https://fakestoreapi.com/img/81fPKd-2AYL._AC_SL1500_.jpg', 'rating': {'rate': 3.9, 'count': 120}}, {'id': 2, 'title': 'Mens Casual Premium Slim Fit T-Shirts ', 'price': 22.3, 'description': 'Slim-fitting style, contrast raglan long sleeve, three-button henley placket, light weight &amp; soft fabric for breathable and comfortable wearing. And Solid stitched shirts with round neck made for durability and a great fit for casual fashion wear and diehard baseball fans. The Henley style round neckline includes a three-button placket.', 'category': "men's clothing", 'image': 'https://fakestoreapi.com/img/71-3HjGNDUL._AC_SY879._SX._UX._SY._UY_.jpg', 'rating': {'rate': 4.1, 'count': 259}}, {'id': 3, 'title': 'Mens Cotton Jacket', 'price': 55.99, 'description': 'great outerwear jackets for Spring/Autumn/Winter, suitable for many occasions, such as working, hiking, camping, mountain/rock climbing, cycling, traveling or other outdoors. Good gift choice for you or your family member. A warm hearted love to Father, husband or son in this thanksgiving or Christmas Day.', 'category': "men's clothing", 'image': 'https://fakestoreapi.com/img/71li-ujtlUL._AC_UX679_.jpg', 'rating': {'rate': 4.7, 'count': 500}}, {'id': 4, 'title': 'Mens Casual Slim Fit', 'price': 15.99, 'description': 'The color could be slightly different between on the screen and in practice. / Please note that body builds vary by person, therefore, detailed size information should be reviewed below on the product description.', 'category': "men's clothing", 'image': 'https://fakestoreapi.com/img/71YXzeOuslL._AC_UY879_.jpg', 'rating': {'rate': 2.1, 'count': 430}}, {'id': 5, 'title': "John Hardy Women's Legends Naga Gold &amp; Silver Dragon Station Chain Bracelet", 'price': 695, 'description': "From our Legends Collection, the Naga was inspired by the mythical water dragon that protects the ocean's pearl. Wear facing inward to be bestowed with love and abundance, or outward for protection.", 'category': 'jewelery', 'image': 'https://fakestoreapi.com/img/71pWzhdJNwL._AC_UL640_QL65_ML3_.jpg', 'rating': {'rate': 4.6, 'count': 400}}, {'id': 6, 'title': 'Solid Gold Petite Micropave ', 'price': 168, 'description': 'Satisfaction Guaranteed. Return or exchange any order within 30 days.Designed and sold by Hafeez Center in the United States. Satisfaction Guaranteed. Return or exchange any order within 30 days.', 'category': 'jewelery', 'image': 'https://fakestoreapi.com/img/61sbMiUnoGL._AC_UL640_QL65_ML3_.jpg', 'rating': {'rate': 3.9, 'count': 70}}, {'id': 7, 'title': 'White Gold Plated Princess', 'price': 9.99, 'description': "Classic Created Wedding Engagement Solitaire Diamond Promise Ring for Her. Gifts to spoil your love more for Engagement, Wedding, Anniversary, Valentine's Day...", 'category': 'jewelery', 'image': 'https://fakestoreapi.com/img/71YAIFU48IL._AC_UL640_QL65_ML3_.jpg', 'rating': {'rate': 3, 'count': 400}}, {'id': 8, 'title': 'Pierced Owl Rose Gold Plated Stainless Steel Double', 'price': 10.99, 'description': 'Rose Gold Plated Double Flared Tunnel Plug Earrings. Made of 316L Stainless Steel', 'category': 'jewelery', 'image': 'https://fakestoreapi.com/img/51UDEzMJVpL._AC_UL640_QL65_ML3_.jpg', 'rating': {'rate': 1.9, 'count': 100}}, {'id': 9, 'title': 'WD 2TB Elements Portable External Hard Drive - USB 3.0 ', 'price': 64, 'description': 'USB 3.0 and USB 2.0 Compatibility Fast data transfers Improve PC Performance High Capacity; Compatibility Formatted NTFS for Windows 10, Windows 8.1, Windows 7; Reformatting may be required for other operating systems; Compatibility may vary depending on user’s hardware configuration and operating system', 'category': 'electronics', 'image': 'https://fakestoreapi.com/img/61IBBVJvSDL._AC_SY879_.jpg', 'rating': {'rate': 3.3, 'count': 203}}, {'id': 10, 'title': 'SanDisk SSD PLUS 1TB Internal SSD - SATA III 6 Gb/s', 'price': 109, 'description': 'Easy upgrade for faster boot up, shutdown, application load and response (As compared to 5400 RPM SATA 2.5” hard drive; Based on published specifications and internal benchmarking tests using PCMark vantage scores) Boosts burst write performance, making it ideal for typical PC workloads The perfect balance of performance and reliability Read/write speeds of up to 535MB/s/450MB/s (Based on internal testing; Performance may vary depending upon drive capacity, host device, OS and application.)', 'category': 'electronics', 'image': 'https://fakestoreapi.com/img/61U7T1koQqL._AC_SX679_.jpg', 'rating': {'rate': 2.9, 'count': 470}}, {'id': 11, 'title': 'Silicon Power 256GB SSD 3D NAND A55 SLC Cache Performance Boost SATA III 2.5', 'price': 109, 'description': '3D NAND flash are applied to deliver high transfer speeds Remarkable transfer speeds that enable faster bootup and improved overall system performance. The advanced SLC Cache Technology allows performance boost and longer lifespan 7mm slim design suitable for Ultrabooks and Ultra-slim notebooks. Supports TRIM command, Garbage Collection technology, RAID, and ECC (Error Checking &amp; Correction) to provide the optimized performance and enhanced reliability.', 'category': 'electronics', 'image': 'https://fakestoreapi.com/img/71kWymZ+c+L._AC_SX679_.jpg', 'rating': {'rate': 4.8, 'count': 319}}, {'id': 12, 'title': 'WD 4TB Gaming Drive Works with Playstation 4 Portable External Hard Drive', 'price': 114, 'description': "Expand your PS4 gaming experience, Play anywhere Fast and easy, setup Sleek design with high capacity, 3-year manufacturer's limited warranty", 'category': 'electronics', 'image': 'https://fakestoreapi.com/img/61mtL65D4cL._AC_SX679_.jpg', 'rating': {'rate': 4.8, 'count': 400}}, {'id': 13, 'title': 'Acer SB220Q bi 21.5 inches Full HD (1920 x 1080) IPS Ultra-Thin', 'price': 599, 'description': '21. 5 inches Full HD (1920 x 1080) widescreen IPS display And Radeon free Sync technology. No compatibility for VESA Mount Refresh Rate: 75Hz - Using HDMI port Zero-frame design | ultra-thin | 4ms response time | IPS panel Aspect ratio - 16: 9. Color Supported - 16. 7 million colors. Brightness - 250 nit Tilt angle -5 degree to 15 degree. Horizontal viewing angle-178 degree. Vertical viewing angle-178 degree 75 hertz', 'category': 'electronics', 'image': 'https://fakestoreapi.com/img/81QpkIctqPL._AC_SX679_.jpg', 'rating': {'rate': 2.9, 'count': 250}}, {'id': 14, 'title': 'Samsung 49-Inch CHG90 144Hz Curved Gaming Monitor (LC49HG90DMNXZA) – Super Ultrawide Screen QLED ', 'price': 999.99, 'description': '49 INCH SUPER ULTRAWIDE 32:9 CURVED GAMING MONITOR with dual 27 inch screen side by side QUANTUM DOT (QLED) TECHNOLOGY, HDR support and factory calibration provides stunningly realistic and accurate color and contrast 144HZ HIGH REFRESH RATE and 1ms ultra fast response time work to eliminate motion blur, ghosting, and reduce input lag', 'category': 'electronics', 'image': 'https://fakestoreapi.com/img/81Zt42ioCgL._AC_SX679_.jpg', 'rating': {'rate': 2.2, 'count': 140}}, {'id': 15, 'title': "BIYLACLESEN Women's 3-in-1 Snowboard Jacket Winter Coats", 'price': 56.99, 'description': 'Note:The Jackets is US standard size, Please choose size as your usual wear Material: 100% Polyester; Detachable Liner Fabric: Warm Fleece. Detachable Functional Liner: Skin Friendly, Lightweigt and Warm.Stand Collar Liner jacket, keep you warm in cold weather. Zippered Pockets: 2 Zippered Hand Pockets, 2 Zippered Pockets on Chest (enough to keep cards or keys)and 1 Hidden Pocket Inside.Zippered Hand Pockets and Hidden Pocket keep your things secure. Humanized Design: Adjustable and Detachable Hood and Adjustable cuff to prevent the wind and water,for a comfortable fit. 3 in 1 Detachable Design provide more convenience, you can separate the coat and inner as needed, or wear it together. It is suitable for different season and help you adapt to different climates', 'category': "women's clothing", 'image': 'https://fakestoreapi.com/img/51Y5NI-I5jL._AC_UX679_.jpg', 'rating': {'rate': 2.6, 'count': 235}}, {'id': 16, 'title': "Lock and Love Women's Removable Hooded Faux Leather Moto Biker Jacket", 'price': 29.95, 'description': '100% POLYURETHANE(shell) 100% POLYESTER(lining) 75% POLYESTER 25% COTTON (SWEATER), Faux leather material for style and comfort / 2 pockets of front, 2-For-One Hooded denim style faux leather jacket, Button detail on waist / Detail stitching at sides, HAND WASH ONLY / DO NOT BLEACH / LINE DRY / DO NOT IRON', 'category': "women's clothing", 'image': 'https://fakestoreapi.com/img/81XH0e8fefL._AC_UY879_.jpg', 'rating': {'rate': 2.9, 'count': 340}}, {'id': 17, 'title': 'Rain Jacket Women Windbreaker Striped Climbing Raincoats', 'price': 39.99, 'description': "Lightweight perfet for trip or casual wear---Long sleeve with hooded, adjustable drawstring waist design. Button and zipper front closure raincoat, fully stripes Lined and The Raincoat has 2 side pockets are a good size to hold all kinds of things, it covers the hips, and the hood is generous but doesn't overdo it.Attached Cotton Lined Hood with Adjustable Drawstrings give it a real styled look.", 'category': "women's clothing", 'image': 'https://fakestoreapi.com/img/71HblAHs5xL._AC_UY879_-2.jpg', 'rating': {'rate': 3.8, 'count': 679}}, {'id': 18, 'title': "MBJ Women's Solid Short Sleeve Boat Neck V ", 'price': 9.85, 'description': '95% RAYON 5% SPANDEX, Made in USA or Imported, Do Not Bleach, Lightweight fabric with great stretch for comfort, Ribbed on sleeves and neckline / Double stitching on bottom hem', 'category': "women's clothing", 'image': 'https://fakestoreapi.com/img/71z3kpMAYsL._AC_UY879_.jpg', 'rating': {'rate': 4.7, 'count': 130}}, {'id': 19, 'title': "Opna Women's Short Sleeve Moisture", 'price': 7.95, 'description': '100% Polyester, Machine wash, 100% cationic polyester interlock, Machine Wash &amp; Pre Shrunk for a Great Fit, Lightweight, roomy and highly breathable with moisture wicking fabric which helps to keep moisture away, Soft Lightweight Fabric with comfortable V-neck collar and a slimmer fit, delivers a sleek, more feminine silhouette and Added Comfort', 'category': "women's clothing", 'image': 'https://fakestoreapi.com/img/51eg55uWmdL._AC_UX679_.jpg', 'rating': {'rate': 4.5, 'count': 146}}, {'id': 20, 'title': 'DANVOUY Womens T Shirt Casual Cotton Short', 'price': 12.99, 'description': '95%Cotton,5%Spandex, Features: Casual, Short Sleeve, Letter Print,V-Neck,Fashion Tees, The fabric is soft and has some stretch., Occasion: Casual/Office/Beach/School/Home/Street. Season: Spring,Summer,Autumn,Winter.', 'category': "women's clothing", 'image': 'https://fakestoreapi.com/img/61pHAEJ4NML._AC_UX679_.jpg', 'rating': {'rate': 3.6, 'count': 145}}]</msg>
<status status="PASS" starttime="20241111 21:43:55.298" endtime="20241111 21:43:55.299"/>
</kw>
<msg timestamp="20241111 21:43:55.300" level="INFO">${get_all_products_api_response_body} = [{'id': 1, 'title': 'Fjallraven - Foldsack No. 1 Backpack, Fits 15 Laptops', 'price': 109.95, 'description': 'Your perfect pack for everyday use and walks in the forest. Stash your laptop (up to 15 in...</msg>
<status status="PASS" starttime="20241111 21:43:53.557" endtime="20241111 21:43:55.300"/>
</kw>
<kw name="The HTTP Response Code Should Be 200" library="api_keywords">
<kw name="Should Be Equal As Integers" library="BuiltIn">
<arg>${response_code}</arg>
<arg>200</arg>
<doc>Fails if objects are unequal after converting them to integers.</doc>
<msg timestamp="20241111 21:43:55.300" level="INFO">Argument types are:
&lt;class 'int'&gt;
&lt;class 'str'&gt;</msg>
<status status="PASS" starttime="20241111 21:43:55.300" endtime="20241111 21:43:55.300"/>
</kw>
<status status="PASS" starttime="20241111 21:43:55.300" endtime="20241111 21:43:55.300"/>
</kw>
<kw name="The Response Body Should Contain All Product Information" library="api_keywords">
<arg>response_body=${get_all_products_api_response_body}</arg>
<kw name="Get Value From Json" library="JSONLibrary">
<var>${product_id_list}</var>
<arg>${response_body}</arg>
<arg>$.[*].id</arg>
<doc>Get Value From JSON using JSONPath</doc>
<msg timestamp="20241111 21:43:55.322" level="INFO">${product_id_list} = [1, 2, 3, 4, 5, 6, 7, 8, 9, 10, 11, 12, 13, 14, 15, 16, 17, 18, 19, 20]</msg>
<status status="PASS" starttime="20241111 21:43:55.301" endtime="20241111 21:43:55.322"/>
</kw>
<kw name="Get Length" library="BuiltIn">
<var>${total_product}</var>
<arg>${product_id_list}</arg>
<doc>Returns and logs the length of the given item as an integer.</doc>
<msg timestamp="20241111 21:43:55.322" level="INFO">Length is 20</msg>
<msg timestamp="20241111 21:43:55.322" level="INFO">${total_product} = 20</msg>
<status status="PASS" starttime="20241111 21:43:55.322" endtime="20241111 21:43:55.322"/>
</kw>
<kw name="Should Be True" library="BuiltIn">
<arg>${total_product} &gt; 0</arg>
<doc>Fails if the given condition is not true.</doc>
<status status="PASS" starttime="20241111 21:43:55.322" endtime="20241111 21:43:55.322"/>
</kw>
<for flavor="IN RANGE">
<var>${index}</var>
<value>${0}</value>
<value>${total_product}</value>
<iter>
<var name="${index}">0</var>
<kw name="Set Variable" library="BuiltIn">
<var>${title}</var>
<arg>${response_body[${index}]['title']}</arg>
<doc>Returns the given values which can then be assigned to a variables.</doc>
<msg timestamp="20241111 21:43:55.323" level="INFO">${title} = Fjallraven - Foldsack No. 1 Backpack, Fits 15 Laptops</msg>
<status status="PASS" starttime="20241111 21:43:55.323" endtime="20241111 21:43:55.323"/>
</kw>
<kw name="Should Not Be Empty" library="BuiltIn">
<arg>${title}</arg>
<doc>Verifies that the given item is not empty.</doc>
<msg timestamp="20241111 21:43:55.323" level="INFO">Length is 53</msg>
<status status="PASS" starttime="20241111 21:43:55.323" endtime="20241111 21:43:55.323"/>
</kw>
<kw name="Set Variable" library="BuiltIn">
<var>${price}</var>
<arg>${response_body[${index}]['price']}</arg>
<doc>Returns the given values which can then be assigned to a variables.</doc>
<msg timestamp="20241111 21:43:55.324" level="INFO">${price} = 109.95</msg>
<status status="PASS" starttime="20241111 21:43:55.323" endtime="20241111 21:43:55.324"/>
</kw>
<kw name="Should Not Be Equal" library="BuiltIn">
<arg>${price}</arg>
<arg>${EMPTY}</arg>
<doc>Fails if the given objects are equal.</doc>
<msg timestamp="20241111 21:43:55.324" level="INFO">Argument types are:
&lt;class 'float'&gt;
&lt;class 'str'&gt;</msg>
<status status="PASS" starttime="20241111 21:43:55.324" endtime="20241111 21:43:55.324"/>
</kw>
<kw name="Set Variable" library="BuiltIn">
<var>${description}</var>
<arg>${response_body[${index}]['description']}</arg>
<doc>Returns the given values which can then be assigned to a variables.</doc>
<msg timestamp="20241111 21:43:55.325" level="INFO">${description} = Your perfect pack for everyday use and walks in the forest. Stash your laptop (up to 15 inches) in the padded sleeve, your everyday</msg>
<status status="PASS" starttime="20241111 21:43:55.324" endtime="20241111 21:43:55.325"/>
</kw>
<kw name="Should Not Be Empty" library="BuiltIn">
<arg>${description}</arg>
<doc>Verifies that the given item is not empty.</doc>
<msg timestamp="20241111 21:43:55.325" level="INFO">Length is 131</msg>
<status status="PASS" starttime="20241111 21:43:55.325" endtime="20241111 21:43:55.325"/>
</kw>
<kw name="Set Variable" library="BuiltIn">
<var>${category}</var>
<arg>${response_body[${index}]['category']}</arg>
<doc>Returns the given values which can then be assigned to a variables.</doc>
<msg timestamp="20241111 21:43:55.325" level="INFO">${category} = men's clothing</msg>
<status status="PASS" starttime="20241111 21:43:55.325" endtime="20241111 21:43:55.325"/>
</kw>
<kw name="Should Not Be Empty" library="BuiltIn">
<arg>${category}</arg>
<doc>Verifies that the given item is not empty.</doc>
<msg timestamp="20241111 21:43:55.325" level="INFO">Length is 14</msg>
<status status="PASS" starttime="20241111 21:43:55.325" endtime="20241111 21:43:55.325"/>
</kw>
<kw name="Set Variable" library="BuiltIn">
<var>${image}</var>
<arg>${response_body[${index}]['image']}</arg>
<doc>Returns the given values which can then be assigned to a variables.</doc>
<msg timestamp="20241111 21:43:55.326" level="INFO">${image} = https://fakestoreapi.com/img/81fPKd-2AYL._AC_SL1500_.jpg</msg>
<status status="PASS" starttime="20241111 21:43:55.325" endtime="20241111 21:43:55.326"/>
</kw>
<kw name="Should Not Be Empty" library="BuiltIn">
<arg>${image}</arg>
<doc>Verifies that the given item is not empty.</doc>
<msg timestamp="20241111 21:43:55.326" level="INFO">Length is 56</msg>
<status status="PASS" starttime="20241111 21:43:55.326" endtime="20241111 21:43:55.326"/>
</kw>
<kw name="Set Variable" library="BuiltIn">
<var>${rate}</var>
<arg>${response_body[${index}]['rating']['rate']}</arg>
<doc>Returns the given values which can then be assigned to a variables.</doc>
<msg timestamp="20241111 21:43:55.326" level="INFO">${rate} = 3.9</msg>
<status status="PASS" starttime="20241111 21:43:55.326" endtime="20241111 21:43:55.327"/>
</kw>
<kw name="Should Not Be Equal" library="BuiltIn">
<arg>${rate}</arg>
<arg>${EMPTY}</arg>
<doc>Fails if the given objects are equal.</doc>
<msg timestamp="20241111 21:43:55.327" level="INFO">Argument types are:
&lt;class 'float'&gt;
&lt;class 'str'&gt;</msg>
<status status="PASS" starttime="20241111 21:43:55.327" endtime="20241111 21:43:55.327"/>
</kw>
<kw name="Set Variable" library="BuiltIn">
<var>${count}</var>
<arg>${response_body[${index}]['rating']['count']}</arg>
<doc>Returns the given values which can then be assigned to a variables.</doc>
<msg timestamp="20241111 21:43:55.327" level="INFO">${count} = 120</msg>
<status status="PASS" starttime="20241111 21:43:55.327" endtime="20241111 21:43:55.327"/>
</kw>
<kw name="Should Not Be Equal" library="BuiltIn">
<arg>${count}</arg>
<arg>${EMPTY}</arg>
<doc>Fails if the given objects are equal.</doc>
<msg timestamp="20241111 21:43:55.328" level="INFO">Argument types are:
&lt;class 'int'&gt;
&lt;class 'str'&gt;</msg>
<status status="PASS" starttime="20241111 21:43:55.327" endtime="20241111 21:43:55.328"/>
</kw>
<status status="PASS" starttime="20241111 21:43:55.323" endtime="20241111 21:43:55.328"/>
</iter>
<iter>
<var name="${index}">1</var>
<kw name="Set Variable" library="BuiltIn">
<var>${title}</var>
<arg>${response_body[${index}]['title']}</arg>
<doc>Returns the given values which can then be assigned to a variables.</doc>
<msg timestamp="20241111 21:43:55.328" level="INFO">${title} = Mens Casual Premium Slim Fit T-Shirts </msg>
<status status="PASS" starttime="20241111 21:43:55.328" endtime="20241111 21:43:55.328"/>
</kw>
<kw name="Should Not Be Empty" library="BuiltIn">
<arg>${title}</arg>
<doc>Verifies that the given item is not empty.</doc>
<msg timestamp="20241111 21:43:55.328" level="INFO">Length is 38</msg>
<status status="PASS" starttime="20241111 21:43:55.328" endtime="20241111 21:43:55.328"/>
</kw>
<kw name="Set Variable" library="BuiltIn">
<var>${price}</var>
<arg>${response_body[${index}]['price']}</arg>
<doc>Returns the given values which can then be assigned to a variables.</doc>
<msg timestamp="20241111 21:43:55.329" level="INFO">${price} = 22.3</msg>
<status status="PASS" starttime="20241111 21:43:55.328" endtime="20241111 21:43:55.329"/>
</kw>
<kw name="Should Not Be Equal" library="BuiltIn">
<arg>${price}</arg>
<arg>${EMPTY}</arg>
<doc>Fails if the given objects are equal.</doc>
<msg timestamp="20241111 21:43:55.329" level="INFO">Argument types are:
&lt;class 'float'&gt;
&lt;class 'str'&gt;</msg>
<status status="PASS" starttime="20241111 21:43:55.329" endtime="20241111 21:43:55.329"/>
</kw>
<kw name="Set Variable" library="BuiltIn">
<var>${description}</var>
<arg>${response_body[${index}]['description']}</arg>
<doc>Returns the given values which can then be assigned to a variables.</doc>
<msg timestamp="20241111 21:43:55.330" level="INFO">${description} = Slim-fitting style, contrast raglan long sleeve, three-button henley placket, light weight &amp; soft fabric for breathable and comfortable wearing. And Solid stitched shirts with round neck made for dura...</msg>
<status status="PASS" starttime="20241111 21:43:55.329" endtime="20241111 21:43:55.330"/>
</kw>
<kw name="Should Not Be Empty" library="BuiltIn">
<arg>${description}</arg>
<doc>Verifies that the given item is not empty.</doc>
<msg timestamp="20241111 21:43:55.330" level="INFO">Length is 338</msg>
<status status="PASS" starttime="20241111 21:43:55.330" endtime="20241111 21:43:55.330"/>
</kw>
<kw name="Set Variable" library="BuiltIn">
<var>${category}</var>
<arg>${response_body[${index}]['category']}</arg>
<doc>Returns the given values which can then be assigned to a variables.</doc>
<msg timestamp="20241111 21:43:55.330" level="INFO">${category} = men's clothing</msg>
<status status="PASS" starttime="20241111 21:43:55.330" endtime="20241111 21:43:55.330"/>
</kw>
<kw name="Should Not Be Empty" library="BuiltIn">
<arg>${category}</arg>
<doc>Verifies that the given item is not empty.</doc>
<msg timestamp="20241111 21:43:55.330" level="INFO">Length is 14</msg>
<status status="PASS" starttime="20241111 21:43:55.330" endtime="20241111 21:43:55.330"/>
</kw>
<kw name="Set Variable" library="BuiltIn">
<var>${image}</var>
<arg>${response_body[${index}]['image']}</arg>
<doc>Returns the given values which can then be assigned to a variables.</doc>
<msg timestamp="20241111 21:43:55.331" level="INFO">${image} = https://fakestoreapi.com/img/71-3HjGNDUL._AC_SY879._SX._UX._SY._UY_.jpg</msg>
<status status="PASS" starttime="20241111 21:43:55.330" endtime="20241111 21:43:55.331"/>
</kw>
<kw name="Should Not Be Empty" library="BuiltIn">
<arg>${image}</arg>
<doc>Verifies that the given item is not empty.</doc>
<msg timestamp="20241111 21:43:55.331" level="INFO">Length is 71</msg>
<status status="PASS" starttime="20241111 21:43:55.331" endtime="20241111 21:43:55.331"/>
</kw>
<kw name="Set Variable" library="BuiltIn">
<var>${rate}</var>
<arg>${response_body[${index}]['rating']['rate']}</arg>
<doc>Returns the given values which can then be assigned to a variables.</doc>
<msg timestamp="20241111 21:43:55.331" level="INFO">${rate} = 4.1</msg>
<status status="PASS" starttime="20241111 21:43:55.331" endtime="20241111 21:43:55.331"/>
</kw>
<kw name="Should Not Be Equal" library="BuiltIn">
<arg>${rate}</arg>
<arg>${EMPTY}</arg>
<doc>Fails if the given objects are equal.</doc>
<msg timestamp="20241111 21:43:55.332" level="INFO">Argument types are:
&lt;class 'float'&gt;
&lt;class 'str'&gt;</msg>
<status status="PASS" starttime="20241111 21:43:55.331" endtime="20241111 21:43:55.332"/>
</kw>
<kw name="Set Variable" library="BuiltIn">
<var>${count}</var>
<arg>${response_body[${index}]['rating']['count']}</arg>
<doc>Returns the given values which can then be assigned to a variables.</doc>
<msg timestamp="20241111 21:43:55.332" level="INFO">${count} = 259</msg>
<status status="PASS" starttime="20241111 21:43:55.332" endtime="20241111 21:43:55.332"/>
</kw>
<kw name="Should Not Be Equal" library="BuiltIn">
<arg>${count}</arg>
<arg>${EMPTY}</arg>
<doc>Fails if the given objects are equal.</doc>
<msg timestamp="20241111 21:43:55.332" level="INFO">Argument types are:
&lt;class 'int'&gt;
&lt;class 'str'&gt;</msg>
<status status="PASS" starttime="20241111 21:43:55.332" endtime="20241111 21:43:55.333"/>
</kw>
<status status="PASS" starttime="20241111 21:43:55.328" endtime="20241111 21:43:55.333"/>
</iter>
<iter>
<var name="${index}">2</var>
<kw name="Set Variable" library="BuiltIn">
<var>${title}</var>
<arg>${response_body[${index}]['title']}</arg>
<doc>Returns the given values which can then be assigned to a variables.</doc>
<msg timestamp="20241111 21:43:55.333" level="INFO">${title} = Mens Cotton Jacket</msg>
<status status="PASS" starttime="20241111 21:43:55.333" endtime="20241111 21:43:55.333"/>
</kw>
<kw name="Should Not Be Empty" library="BuiltIn">
<arg>${title}</arg>
<doc>Verifies that the given item is not empty.</doc>
<msg timestamp="20241111 21:43:55.333" level="INFO">Length is 18</msg>
<status status="PASS" starttime="20241111 21:43:55.333" endtime="20241111 21:43:55.333"/>
</kw>
<kw name="Set Variable" library="BuiltIn">
<var>${price}</var>
<arg>${response_body[${index}]['price']}</arg>
<doc>Returns the given values which can then be assigned to a variables.</doc>
<msg timestamp="20241111 21:43:55.333" level="INFO">${price} = 55.99</msg>
<status status="PASS" starttime="20241111 21:43:55.333" endtime="20241111 21:43:55.333"/>
</kw>
<kw name="Should Not Be Equal" library="BuiltIn">
<arg>${price}</arg>
<arg>${EMPTY}</arg>
<doc>Fails if the given objects are equal.</doc>
<msg timestamp="20241111 21:43:55.334" level="INFO">Argument types are:
&lt;class 'float'&gt;
&lt;class 'str'&gt;</msg>
<status status="PASS" starttime="20241111 21:43:55.333" endtime="20241111 21:43:55.334"/>
</kw>
<kw name="Set Variable" library="BuiltIn">
<var>${description}</var>
<arg>${response_body[${index}]['description']}</arg>
<doc>Returns the given values which can then be assigned to a variables.</doc>
<msg timestamp="20241111 21:43:55.334" level="INFO">${description} = great outerwear jackets for Spring/Autumn/Winter, suitable for many occasions, such as working, hiking, camping, mountain/rock climbing, cycling, traveling or other outdoors. Good gift choice for you ...</msg>
<status status="PASS" starttime="20241111 21:43:55.334" endtime="20241111 21:43:55.334"/>
</kw>
<kw name="Should Not Be Empty" library="BuiltIn">
<arg>${description}</arg>
<doc>Verifies that the given item is not empty.</doc>
<msg timestamp="20241111 21:43:55.334" level="INFO">Length is 307</msg>
<status status="PASS" starttime="20241111 21:43:55.334" endtime="20241111 21:43:55.334"/>
</kw>
<kw name="Set Variable" library="BuiltIn">
<var>${category}</var>
<arg>${response_body[${index}]['category']}</arg>
<doc>Returns the given values which can then be assigned to a variables.</doc>
<msg timestamp="20241111 21:43:55.335" level="INFO">${category} = men's clothing</msg>
<status status="PASS" starttime="20241111 21:43:55.334" endtime="20241111 21:43:55.335"/>
</kw>
<kw name="Should Not Be Empty" library="BuiltIn">
<arg>${category}</arg>
<doc>Verifies that the given item is not empty.</doc>
<msg timestamp="20241111 21:43:55.335" level="INFO">Length is 14</msg>
<status status="PASS" starttime="20241111 21:43:55.335" endtime="20241111 21:43:55.335"/>
</kw>
<kw name="Set Variable" library="BuiltIn">
<var>${image}</var>
<arg>${response_body[${index}]['image']}</arg>
<doc>Returns the given values which can then be assigned to a variables.</doc>
<msg timestamp="20241111 21:43:55.335" level="INFO">${image} = https://fakestoreapi.com/img/71li-ujtlUL._AC_UX679_.jpg</msg>
<status status="PASS" starttime="20241111 21:43:55.335" endtime="20241111 21:43:55.335"/>
</kw>
<kw name="Should Not Be Empty" library="BuiltIn">
<arg>${image}</arg>
<doc>Verifies that the given item is not empty.</doc>
<msg timestamp="20241111 21:43:55.335" level="INFO">Length is 55</msg>
<status status="PASS" starttime="20241111 21:43:55.335" endtime="20241111 21:43:55.335"/>
</kw>
<kw name="Set Variable" library="BuiltIn">
<var>${rate}</var>
<arg>${response_body[${index}]['rating']['rate']}</arg>
<doc>Returns the given values which can then be assigned to a variables.</doc>
<msg timestamp="20241111 21:43:55.336" level="INFO">${rate} = 4.7</msg>
<status status="PASS" starttime="20241111 21:43:55.336" endtime="20241111 21:43:55.336"/>
</kw>
<kw name="Should Not Be Equal" library="BuiltIn">
<arg>${rate}</arg>
<arg>${EMPTY}</arg>
<doc>Fails if the given objects are equal.</doc>
<msg timestamp="20241111 21:43:55.337" level="INFO">Argument types are:
&lt;class 'float'&gt;
&lt;class 'str'&gt;</msg>
<status status="PASS" starttime="20241111 21:43:55.336" endtime="20241111 21:43:55.337"/>
</kw>
<kw name="Set Variable" library="BuiltIn">
<var>${count}</var>
<arg>${response_body[${index}]['rating']['count']}</arg>
<doc>Returns the given values which can then be assigned to a variables.</doc>
<msg timestamp="20241111 21:43:55.337" level="INFO">${count} = 500</msg>
<status status="PASS" starttime="20241111 21:43:55.337" endtime="20241111 21:43:55.337"/>
</kw>
<kw name="Should Not Be Equal" library="BuiltIn">
<arg>${count}</arg>
<arg>${EMPTY}</arg>
<doc>Fails if the given objects are equal.</doc>
<msg timestamp="20241111 21:43:55.337" level="INFO">Argument types are:
&lt;class 'int'&gt;
&lt;class 'str'&gt;</msg>
<status status="PASS" starttime="20241111 21:43:55.337" endtime="20241111 21:43:55.337"/>
</kw>
<status status="PASS" starttime="20241111 21:43:55.333" endtime="20241111 21:43:55.337"/>
</iter>
<iter>
<var name="${index}">3</var>
<kw name="Set Variable" library="BuiltIn">
<var>${title}</var>
<arg>${response_body[${index}]['title']}</arg>
<doc>Returns the given values which can then be assigned to a variables.</doc>
<msg timestamp="20241111 21:43:55.338" level="INFO">${title} = Mens Casual Slim Fit</msg>
<status status="PASS" starttime="20241111 21:43:55.337" endtime="20241111 21:43:55.338"/>
</kw>
<kw name="Should Not Be Empty" library="BuiltIn">
<arg>${title}</arg>
<doc>Verifies that the given item is not empty.</doc>
<msg timestamp="20241111 21:43:55.338" level="INFO">Length is 20</msg>
<status status="PASS" starttime="20241111 21:43:55.338" endtime="20241111 21:43:55.338"/>
</kw>
<kw name="Set Variable" library="BuiltIn">
<var>${price}</var>
<arg>${response_body[${index}]['price']}</arg>
<doc>Returns the given values which can then be assigned to a variables.</doc>
<msg timestamp="20241111 21:43:55.338" level="INFO">${price} = 15.99</msg>
<status status="PASS" starttime="20241111 21:43:55.338" endtime="20241111 21:43:55.338"/>
</kw>
<kw name="Should Not Be Equal" library="BuiltIn">
<arg>${price}</arg>
<arg>${EMPTY}</arg>
<doc>Fails if the given objects are equal.</doc>
<msg timestamp="20241111 21:43:55.339" level="INFO">Argument types are:
&lt;class 'float'&gt;
&lt;class 'str'&gt;</msg>
<status status="PASS" starttime="20241111 21:43:55.338" endtime="20241111 21:43:55.339"/>
</kw>
<kw name="Set Variable" library="BuiltIn">
<var>${description}</var>
<arg>${response_body[${index}]['description']}</arg>
<doc>Returns the given values which can then be assigned to a variables.</doc>
<msg timestamp="20241111 21:43:55.339" level="INFO">${description} = The color could be slightly different between on the screen and in practice. / Please note that body builds vary by person, therefore, detailed size information should be reviewed below on the product...</msg>
<status status="PASS" starttime="20241111 21:43:55.339" endtime="20241111 21:43:55.339"/>
</kw>
<kw name="Should Not Be Empty" library="BuiltIn">
<arg>${description}</arg>
<doc>Verifies that the given item is not empty.</doc>
<msg timestamp="20241111 21:43:55.339" level="INFO">Length is 213</msg>
<status status="PASS" starttime="20241111 21:43:55.339" endtime="20241111 21:43:55.339"/>
</kw>
<kw name="Set Variable" library="BuiltIn">
<var>${category}</var>
<arg>${response_body[${index}]['category']}</arg>
<doc>Returns the given values which can then be assigned to a variables.</doc>
<msg timestamp="20241111 21:43:55.339" level="INFO">${category} = men's clothing</msg>
<status status="PASS" starttime="20241111 21:43:55.339" endtime="20241111 21:43:55.339"/>
</kw>
<kw name="Should Not Be Empty" library="BuiltIn">
<arg>${category}</arg>
<doc>Verifies that the given item is not empty.</doc>
<msg timestamp="20241111 21:43:55.339" level="INFO">Length is 14</msg>
<status status="PASS" starttime="20241111 21:43:55.339" endtime="20241111 21:43:55.340"/>
</kw>
<kw name="Set Variable" library="BuiltIn">
<var>${image}</var>
<arg>${response_body[${index}]['image']}</arg>
<doc>Returns the given values which can then be assigned to a variables.</doc>
<msg timestamp="20241111 21:43:55.340" level="INFO">${image} = https://fakestoreapi.com/img/71YXzeOuslL._AC_UY879_.jpg</msg>
<status status="PASS" starttime="20241111 21:43:55.340" endtime="20241111 21:43:55.340"/>
</kw>
<kw name="Should Not Be Empty" library="BuiltIn">
<arg>${image}</arg>
<doc>Verifies that the given item is not empty.</doc>
<msg timestamp="20241111 21:43:55.340" level="INFO">Length is 55</msg>
<status status="PASS" starttime="20241111 21:43:55.340" endtime="20241111 21:43:55.340"/>
</kw>
<kw name="Set Variable" library="BuiltIn">
<var>${rate}</var>
<arg>${response_body[${index}]['rating']['rate']}</arg>
<doc>Returns the given values which can then be assigned to a variables.</doc>
<msg timestamp="20241111 21:43:55.340" level="INFO">${rate} = 2.1</msg>
<status status="PASS" starttime="20241111 21:43:55.340" endtime="20241111 21:43:55.340"/>
</kw>
<kw name="Should Not Be Equal" library="BuiltIn">
<arg>${rate}</arg>
<arg>${EMPTY}</arg>
<doc>Fails if the given objects are equal.</doc>
<msg timestamp="20241111 21:43:55.341" level="INFO">Argument types are:
&lt;class 'float'&gt;
&lt;class 'str'&gt;</msg>
<status status="PASS" starttime="20241111 21:43:55.340" endtime="20241111 21:43:55.341"/>
</kw>
<kw name="Set Variable" library="BuiltIn">
<var>${count}</var>
<arg>${response_body[${index}]['rating']['count']}</arg>
<doc>Returns the given values which can then be assigned to a variables.</doc>
<msg timestamp="20241111 21:43:55.341" level="INFO">${count} = 430</msg>
<status status="PASS" starttime="20241111 21:43:55.341" endtime="20241111 21:43:55.341"/>
</kw>
<kw name="Should Not Be Equal" library="BuiltIn">
<arg>${count}</arg>
<arg>${EMPTY}</arg>
<doc>Fails if the given objects are equal.</doc>
<msg timestamp="20241111 21:43:55.341" level="INFO">Argument types are:
&lt;class 'int'&gt;
&lt;class 'str'&gt;</msg>
<status status="PASS" starttime="20241111 21:43:55.341" endtime="20241111 21:43:55.341"/>
</kw>
<status status="PASS" starttime="20241111 21:43:55.337" endtime="20241111 21:43:55.342"/>
</iter>
<iter>
<var name="${index}">4</var>
<kw name="Set Variable" library="BuiltIn">
<var>${title}</var>
<arg>${response_body[${index}]['title']}</arg>
<doc>Returns the given values which can then be assigned to a variables.</doc>
<msg timestamp="20241111 21:43:55.342" level="INFO">${title} = John Hardy Women's Legends Naga Gold &amp; Silver Dragon Station Chain Bracelet</msg>
<status status="PASS" starttime="20241111 21:43:55.342" endtime="20241111 21:43:55.342"/>
</kw>
<kw name="Should Not Be Empty" library="BuiltIn">
<arg>${title}</arg>
<doc>Verifies that the given item is not empty.</doc>
<msg timestamp="20241111 21:43:55.342" level="INFO">Length is 75</msg>
<status status="PASS" starttime="20241111 21:43:55.342" endtime="20241111 21:43:55.342"/>
</kw>
<kw name="Set Variable" library="BuiltIn">
<var>${price}</var>
<arg>${response_body[${index}]['price']}</arg>
<doc>Returns the given values which can then be assigned to a variables.</doc>
<msg timestamp="20241111 21:43:55.342" level="INFO">${price} = 695</msg>
<status status="PASS" starttime="20241111 21:43:55.342" endtime="20241111 21:43:55.342"/>
</kw>
<kw name="Should Not Be Equal" library="BuiltIn">
<arg>${price}</arg>
<arg>${EMPTY}</arg>
<doc>Fails if the given objects are equal.</doc>
<msg timestamp="20241111 21:43:55.343" level="INFO">Argument types are:
&lt;class 'int'&gt;
&lt;class 'str'&gt;</msg>
<status status="PASS" starttime="20241111 21:43:55.342" endtime="20241111 21:43:55.343"/>
</kw>
<kw name="Set Variable" library="BuiltIn">
<var>${description}</var>
<arg>${response_body[${index}]['description']}</arg>
<doc>Returns the given values which can then be assigned to a variables.</doc>
<msg timestamp="20241111 21:43:55.343" level="INFO">${description} = From our Legends Collection, the Naga was inspired by the mythical water dragon that protects the ocean's pearl. Wear facing inward to be bestowed with love and abundance, or outward for protection.</msg>
<status status="PASS" starttime="20241111 21:43:55.343" endtime="20241111 21:43:55.343"/>
</kw>
<kw name="Should Not Be Empty" library="BuiltIn">
<arg>${description}</arg>
<doc>Verifies that the given item is not empty.</doc>
<msg timestamp="20241111 21:43:55.343" level="INFO">Length is 198</msg>
<status status="PASS" starttime="20241111 21:43:55.343" endtime="20241111 21:43:55.343"/>
</kw>
<kw name="Set Variable" library="BuiltIn">
<var>${category}</var>
<arg>${response_body[${index}]['category']}</arg>
<doc>Returns the given values which can then be assigned to a variables.</doc>
<msg timestamp="20241111 21:43:55.344" level="INFO">${category} = jewelery</msg>
<status status="PASS" starttime="20241111 21:43:55.343" endtime="20241111 21:43:55.344"/>
</kw>
<kw name="Should Not Be Empty" library="BuiltIn">
<arg>${category}</arg>
<doc>Verifies that the given item is not empty.</doc>
<msg timestamp="20241111 21:43:55.344" level="INFO">Length is 8</msg>
<status status="PASS" starttime="20241111 21:43:55.344" endtime="20241111 21:43:55.344"/>
</kw>
<kw name="Set Variable" library="BuiltIn">
<var>${image}</var>
<arg>${response_body[${index}]['image']}</arg>
<doc>Returns the given values which can then be assigned to a variables.</doc>
<msg timestamp="20241111 21:43:55.344" level="INFO">${image} = https://fakestoreapi.com/img/71pWzhdJNwL._AC_UL640_QL65_ML3_.jpg</msg>
<status status="PASS" starttime="20241111 21:43:55.344" endtime="20241111 21:43:55.344"/>
</kw>
<kw name="Should Not Be Empty" library="BuiltIn">
<arg>${image}</arg>
<doc>Verifies that the given item is not empty.</doc>
<msg timestamp="20241111 21:43:55.344" level="INFO">Length is 64</msg>
<status status="PASS" starttime="20241111 21:43:55.344" endtime="20241111 21:43:55.344"/>
</kw>
<kw name="Set Variable" library="BuiltIn">
<var>${rate}</var>
<arg>${response_body[${index}]['rating']['rate']}</arg>
<doc>Returns the given values which can then be assigned to a variables.</doc>
<msg timestamp="20241111 21:43:55.344" level="INFO">${rate} = 4.6</msg>
<status status="PASS" starttime="20241111 21:43:55.344" endtime="20241111 21:43:55.344"/>
</kw>
<kw name="Should Not Be Equal" library="BuiltIn">
<arg>${rate}</arg>
<arg>${EMPTY}</arg>
<doc>Fails if the given objects are equal.</doc>
<msg timestamp="20241111 21:43:55.345" level="INFO">Argument types are:
&lt;class 'float'&gt;
&lt;class 'str'&gt;</msg>
<status status="PASS" starttime="20241111 21:43:55.345" endtime="20241111 21:43:55.345"/>
</kw>
<kw name="Set Variable" library="BuiltIn">
<var>${count}</var>
<arg>${response_body[${index}]['rating']['count']}</arg>
<doc>Returns the given values which can then be assigned to a variables.</doc>
<msg timestamp="20241111 21:43:55.345" level="INFO">${count} = 400</msg>
<status status="PASS" starttime="20241111 21:43:55.345" endtime="20241111 21:43:55.345"/>
</kw>
<kw name="Should Not Be Equal" library="BuiltIn">
<arg>${count}</arg>
<arg>${EMPTY}</arg>
<doc>Fails if the given objects are equal.</doc>
<msg timestamp="20241111 21:43:55.346" level="INFO">Argument types are:
&lt;class 'int'&gt;
&lt;class 'str'&gt;</msg>
<status status="PASS" starttime="20241111 21:43:55.345" endtime="20241111 21:43:55.346"/>
</kw>
<status status="PASS" starttime="20241111 21:43:55.342" endtime="20241111 21:43:55.346"/>
</iter>
<iter>
<var name="${index}">5</var>
<kw name="Set Variable" library="BuiltIn">
<var>${title}</var>
<arg>${response_body[${index}]['title']}</arg>
<doc>Returns the given values which can then be assigned to a variables.</doc>
<msg timestamp="20241111 21:43:55.346" level="INFO">${title} = Solid Gold Petite Micropave </msg>
<status status="PASS" starttime="20241111 21:43:55.346" endtime="20241111 21:43:55.346"/>
</kw>
<kw name="Should Not Be Empty" library="BuiltIn">
<arg>${title}</arg>
<doc>Verifies that the given item is not empty.</doc>
<msg timestamp="20241111 21:43:55.346" level="INFO">Length is 28</msg>
<status status="PASS" starttime="20241111 21:43:55.346" endtime="20241111 21:43:55.346"/>
</kw>
<kw name="Set Variable" library="BuiltIn">
<var>${price}</var>
<arg>${response_body[${index}]['price']}</arg>
<doc>Returns the given values which can then be assigned to a variables.</doc>
<msg timestamp="20241111 21:43:55.346" level="INFO">${price} = 168</msg>
<status status="PASS" starttime="20241111 21:43:55.346" endtime="20241111 21:43:55.346"/>
</kw>
<kw name="Should Not Be Equal" library="BuiltIn">
<arg>${price}</arg>
<arg>${EMPTY}</arg>
<doc>Fails if the given objects are equal.</doc>
<msg timestamp="20241111 21:43:55.347" level="INFO">Argument types are:
&lt;class 'int'&gt;
&lt;class 'str'&gt;</msg>
<status status="PASS" starttime="20241111 21:43:55.346" endtime="20241111 21:43:55.347"/>
</kw>
<kw name="Set Variable" library="BuiltIn">
<var>${description}</var>
<arg>${response_body[${index}]['description']}</arg>
<doc>Returns the given values which can then be assigned to a variables.</doc>
<msg timestamp="20241111 21:43:55.347" level="INFO">${description} = Satisfaction Guaranteed. Return or exchange any order within 30 days.Designed and sold by Hafeez Center in the United States. Satisfaction Guaranteed. Return or exchange any order within 30 days.</msg>
<status status="PASS" starttime="20241111 21:43:55.347" endtime="20241111 21:43:55.347"/>
</kw>
<kw name="Should Not Be Empty" library="BuiltIn">
<arg>${description}</arg>
<doc>Verifies that the given item is not empty.</doc>
<msg timestamp="20241111 21:43:55.347" level="INFO">Length is 195</msg>
<status status="PASS" starttime="20241111 21:43:55.347" endtime="20241111 21:43:55.347"/>
</kw>
<kw name="Set Variable" library="BuiltIn">
<var>${category}</var>
<arg>${response_body[${index}]['category']}</arg>
<doc>Returns the given values which can then be assigned to a variables.</doc>
<msg timestamp="20241111 21:43:55.348" level="INFO">${category} = jewelery</msg>
<status status="PASS" starttime="20241111 21:43:55.347" endtime="20241111 21:43:55.348"/>
</kw>
<kw name="Should Not Be Empty" library="BuiltIn">
<arg>${category}</arg>
<doc>Verifies that the given item is not empty.</doc>
<msg timestamp="20241111 21:43:55.348" level="INFO">Length is 8</msg>
<status status="PASS" starttime="20241111 21:43:55.348" endtime="20241111 21:43:55.348"/>
</kw>
<kw name="Set Variable" library="BuiltIn">
<var>${image}</var>
<arg>${response_body[${index}]['image']}</arg>
<doc>Returns the given values which can then be assigned to a variables.</doc>
<msg timestamp="20241111 21:43:55.348" level="INFO">${image} = https://fakestoreapi.com/img/61sbMiUnoGL._AC_UL640_QL65_ML3_.jpg</msg>
<status status="PASS" starttime="20241111 21:43:55.348" endtime="20241111 21:43:55.348"/>
</kw>
<kw name="Should Not Be Empty" library="BuiltIn">
<arg>${image}</arg>
<doc>Verifies that the given item is not empty.</doc>
<msg timestamp="20241111 21:43:55.348" level="INFO">Length is 64</msg>
<status status="PASS" starttime="20241111 21:43:55.348" endtime="20241111 21:43:55.348"/>
</kw>
<kw name="Set Variable" library="BuiltIn">
<var>${rate}</var>
<arg>${response_body[${index}]['rating']['rate']}</arg>
<doc>Returns the given values which can then be assigned to a variables.</doc>
<msg timestamp="20241111 21:43:55.349" level="INFO">${rate} = 3.9</msg>
<status status="PASS" starttime="20241111 21:43:55.348" endtime="20241111 21:43:55.349"/>
</kw>
<kw name="Should Not Be Equal" library="BuiltIn">
<arg>${rate}</arg>
<arg>${EMPTY}</arg>
<doc>Fails if the given objects are equal.</doc>
<msg timestamp="20241111 21:43:55.349" level="INFO">Argument types are:
&lt;class 'float'&gt;
&lt;class 'str'&gt;</msg>
<status status="PASS" starttime="20241111 21:43:55.349" endtime="20241111 21:43:55.349"/>
</kw>
<kw name="Set Variable" library="BuiltIn">
<var>${count}</var>
<arg>${response_body[${index}]['rating']['count']}</arg>
<doc>Returns the given values which can then be assigned to a variables.</doc>
<msg timestamp="20241111 21:43:55.349" level="INFO">${count} = 70</msg>
<status status="PASS" starttime="20241111 21:43:55.349" endtime="20241111 21:43:55.349"/>
</kw>
<kw name="Should Not Be Equal" library="BuiltIn">
<arg>${count}</arg>
<arg>${EMPTY}</arg>
<doc>Fails if the given objects are equal.</doc>
<msg timestamp="20241111 21:43:55.350" level="INFO">Argument types are:
&lt;class 'int'&gt;
&lt;class 'str'&gt;</msg>
<status status="PASS" starttime="20241111 21:43:55.350" endtime="20241111 21:43:55.350"/>
</kw>
<status status="PASS" starttime="20241111 21:43:55.346" endtime="20241111 21:43:55.350"/>
</iter>
<iter>
<var name="${index}">6</var>
<kw name="Set Variable" library="BuiltIn">
<var>${title}</var>
<arg>${response_body[${index}]['title']}</arg>
<doc>Returns the given values which can then be assigned to a variables.</doc>
<msg timestamp="20241111 21:43:55.350" level="INFO">${title} = White Gold Plated Princess</msg>
<status status="PASS" starttime="20241111 21:43:55.350" endtime="20241111 21:43:55.350"/>
</kw>
<kw name="Should Not Be Empty" library="BuiltIn">
<arg>${title}</arg>
<doc>Verifies that the given item is not empty.</doc>
<msg timestamp="20241111 21:43:55.350" level="INFO">Length is 26</msg>
<status status="PASS" starttime="20241111 21:43:55.350" endtime="20241111 21:43:55.350"/>
</kw>
<kw name="Set Variable" library="BuiltIn">
<var>${price}</var>
<arg>${response_body[${index}]['price']}</arg>
<doc>Returns the given values which can then be assigned to a variables.</doc>
<msg timestamp="20241111 21:43:55.351" level="INFO">${price} = 9.99</msg>
<status status="PASS" starttime="20241111 21:43:55.350" endtime="20241111 21:43:55.351"/>
</kw>
<kw name="Should Not Be Equal" library="BuiltIn">
<arg>${price}</arg>
<arg>${EMPTY}</arg>
<doc>Fails if the given objects are equal.</doc>
<msg timestamp="20241111 21:43:55.351" level="INFO">Argument types are:
&lt;class 'float'&gt;
&lt;class 'str'&gt;</msg>
<status status="PASS" starttime="20241111 21:43:55.351" endtime="20241111 21:43:55.351"/>
</kw>
<kw name="Set Variable" library="BuiltIn">
<var>${description}</var>
<arg>${response_body[${index}]['description']}</arg>
<doc>Returns the given values which can then be assigned to a variables.</doc>
<msg timestamp="20241111 21:43:55.351" level="INFO">${description} = Classic Created Wedding Engagement Solitaire Diamond Promise Ring for Her. Gifts to spoil your love more for Engagement, Wedding, Anniversary, Valentine's Day...</msg>
<status status="PASS" starttime="20241111 21:43:55.351" endtime="20241111 21:43:55.351"/>
</kw>
<kw name="Should Not Be Empty" library="BuiltIn">
<arg>${description}</arg>
<doc>Verifies that the given item is not empty.</doc>
<msg timestamp="20241111 21:43:55.351" level="INFO">Length is 161</msg>
<status status="PASS" starttime="20241111 21:43:55.351" endtime="20241111 21:43:55.351"/>
</kw>
<kw name="Set Variable" library="BuiltIn">
<var>${category}</var>
<arg>${response_body[${index}]['category']}</arg>
<doc>Returns the given values which can then be assigned to a variables.</doc>
<msg timestamp="20241111 21:43:55.352" level="INFO">${category} = jewelery</msg>
<status status="PASS" starttime="20241111 21:43:55.351" endtime="20241111 21:43:55.352"/>
</kw>
<kw name="Should Not Be Empty" library="BuiltIn">
<arg>${category}</arg>
<doc>Verifies that the given item is not empty.</doc>
<msg timestamp="20241111 21:43:55.352" level="INFO">Length is 8</msg>
<status status="PASS" starttime="20241111 21:43:55.352" endtime="20241111 21:43:55.352"/>
</kw>
<kw name="Set Variable" library="BuiltIn">
<var>${image}</var>
<arg>${response_body[${index}]['image']}</arg>
<doc>Returns the given values which can then be assigned to a variables.</doc>
<msg timestamp="20241111 21:43:55.352" level="INFO">${image} = https://fakestoreapi.com/img/71YAIFU48IL._AC_UL640_QL65_ML3_.jpg</msg>
<status status="PASS" starttime="20241111 21:43:55.352" endtime="20241111 21:43:55.352"/>
</kw>
<kw name="Should Not Be Empty" library="BuiltIn">
<arg>${image}</arg>
<doc>Verifies that the given item is not empty.</doc>
<msg timestamp="20241111 21:43:55.352" level="INFO">Length is 64</msg>
<status status="PASS" starttime="20241111 21:43:55.352" endtime="20241111 21:43:55.352"/>
</kw>
<kw name="Set Variable" library="BuiltIn">
<var>${rate}</var>
<arg>${response_body[${index}]['rating']['rate']}</arg>
<doc>Returns the given values which can then be assigned to a variables.</doc>
<msg timestamp="20241111 21:43:55.352" level="INFO">${rate} = 3</msg>
<status status="PASS" starttime="20241111 21:43:55.352" endtime="20241111 21:43:55.352"/>
</kw>
<kw name="Should Not Be Equal" library="BuiltIn">
<arg>${rate}</arg>
<arg>${EMPTY}</arg>
<doc>Fails if the given objects are equal.</doc>
<msg timestamp="20241111 21:43:55.353" level="INFO">Argument types are:
&lt;class 'int'&gt;
&lt;class 'str'&gt;</msg>
<status status="PASS" starttime="20241111 21:43:55.353" endtime="20241111 21:43:55.353"/>
</kw>
<kw name="Set Variable" library="BuiltIn">
<var>${count}</var>
<arg>${response_body[${index}]['rating']['count']}</arg>
<doc>Returns the given values which can then be assigned to a variables.</doc>
<msg timestamp="20241111 21:43:55.353" level="INFO">${count} = 400</msg>
<status status="PASS" starttime="20241111 21:43:55.353" endtime="20241111 21:43:55.353"/>
</kw>
<kw name="Should Not Be Equal" library="BuiltIn">
<arg>${count}</arg>
<arg>${EMPTY}</arg>
<doc>Fails if the given objects are equal.</doc>
<msg timestamp="20241111 21:43:55.353" level="INFO">Argument types are:
&lt;class 'int'&gt;
&lt;class 'str'&gt;</msg>
<status status="PASS" starttime="20241111 21:43:55.353" endtime="20241111 21:43:55.353"/>
</kw>
<status status="PASS" starttime="20241111 21:43:55.350" endtime="20241111 21:43:55.353"/>
</iter>
<iter>
<var name="${index}">7</var>
<kw name="Set Variable" library="BuiltIn">
<var>${title}</var>
<arg>${response_body[${index}]['title']}</arg>
<doc>Returns the given values which can then be assigned to a variables.</doc>
<msg timestamp="20241111 21:43:55.354" level="INFO">${title} = Pierced Owl Rose Gold Plated Stainless Steel Double</msg>
<status status="PASS" starttime="20241111 21:43:55.353" endtime="20241111 21:43:55.354"/>
</kw>
<kw name="Should Not Be Empty" library="BuiltIn">
<arg>${title}</arg>
<doc>Verifies that the given item is not empty.</doc>
<msg timestamp="20241111 21:43:55.354" level="INFO">Length is 51</msg>
<status status="PASS" starttime="20241111 21:43:55.354" endtime="20241111 21:43:55.354"/>
</kw>
<kw name="Set Variable" library="BuiltIn">
<var>${price}</var>
<arg>${response_body[${index}]['price']}</arg>
<doc>Returns the given values which can then be assigned to a variables.</doc>
<msg timestamp="20241111 21:43:55.354" level="INFO">${price} = 10.99</msg>
<status status="PASS" starttime="20241111 21:43:55.354" endtime="20241111 21:43:55.354"/>
</kw>
<kw name="Should Not Be Equal" library="BuiltIn">
<arg>${price}</arg>
<arg>${EMPTY}</arg>
<doc>Fails if the given objects are equal.</doc>
<msg timestamp="20241111 21:43:55.354" level="INFO">Argument types are:
&lt;class 'float'&gt;
&lt;class 'str'&gt;</msg>
<status status="PASS" starttime="20241111 21:43:55.354" endtime="20241111 21:43:55.354"/>
</kw>
<kw name="Set Variable" library="BuiltIn">
<var>${description}</var>
<arg>${response_body[${index}]['description']}</arg>
<doc>Returns the given values which can then be assigned to a variables.</doc>
<msg timestamp="20241111 21:43:55.355" level="INFO">${description} = Rose Gold Plated Double Flared Tunnel Plug Earrings. Made of 316L Stainless Steel</msg>
<status status="PASS" starttime="20241111 21:43:55.354" endtime="20241111 21:43:55.355"/>
</kw>
<kw name="Should Not Be Empty" library="BuiltIn">
<arg>${description}</arg>
<doc>Verifies that the given item is not empty.</doc>
<msg timestamp="20241111 21:43:55.355" level="INFO">Length is 81</msg>
<status status="PASS" starttime="20241111 21:43:55.355" endtime="20241111 21:43:55.355"/>
</kw>
<kw name="Set Variable" library="BuiltIn">
<var>${category}</var>
<arg>${response_body[${index}]['category']}</arg>
<doc>Returns the given values which can then be assigned to a variables.</doc>
<msg timestamp="20241111 21:43:55.355" level="INFO">${category} = jewelery</msg>
<status status="PASS" starttime="20241111 21:43:55.355" endtime="20241111 21:43:55.355"/>
</kw>
<kw name="Should Not Be Empty" library="BuiltIn">
<arg>${category}</arg>
<doc>Verifies that the given item is not empty.</doc>
<msg timestamp="20241111 21:43:55.355" level="INFO">Length is 8</msg>
<status status="PASS" starttime="20241111 21:43:55.355" endtime="20241111 21:43:55.355"/>
</kw>
<kw name="Set Variable" library="BuiltIn">
<var>${image}</var>
<arg>${response_body[${index}]['image']}</arg>
<doc>Returns the given values which can then be assigned to a variables.</doc>
<msg timestamp="20241111 21:43:55.356" level="INFO">${image} = https://fakestoreapi.com/img/51UDEzMJVpL._AC_UL640_QL65_ML3_.jpg</msg>
<status status="PASS" starttime="20241111 21:43:55.355" endtime="20241111 21:43:55.356"/>
</kw>
<kw name="Should Not Be Empty" library="BuiltIn">
<arg>${image}</arg>
<doc>Verifies that the given item is not empty.</doc>
<msg timestamp="20241111 21:43:55.356" level="INFO">Length is 64</msg>
<status status="PASS" starttime="20241111 21:43:55.356" endtime="20241111 21:43:55.356"/>
</kw>
<kw name="Set Variable" library="BuiltIn">
<var>${rate}</var>
<arg>${response_body[${index}]['rating']['rate']}</arg>
<doc>Returns the given values which can then be assigned to a variables.</doc>
<msg timestamp="20241111 21:43:55.356" level="INFO">${rate} = 1.9</msg>
<status status="PASS" starttime="20241111 21:43:55.356" endtime="20241111 21:43:55.356"/>
</kw>
<kw name="Should Not Be Equal" library="BuiltIn">
<arg>${rate}</arg>
<arg>${EMPTY}</arg>
<doc>Fails if the given objects are equal.</doc>
<msg timestamp="20241111 21:43:55.356" level="INFO">Argument types are:
&lt;class 'float'&gt;
&lt;class 'str'&gt;</msg>
<status status="PASS" starttime="20241111 21:43:55.356" endtime="20241111 21:43:55.356"/>
</kw>
<kw name="Set Variable" library="BuiltIn">
<var>${count}</var>
<arg>${response_body[${index}]['rating']['count']}</arg>
<doc>Returns the given values which can then be assigned to a variables.</doc>
<msg timestamp="20241111 21:43:55.356" level="INFO">${count} = 100</msg>
<status status="PASS" starttime="20241111 21:43:55.356" endtime="20241111 21:43:55.356"/>
</kw>
<kw name="Should Not Be Equal" library="BuiltIn">
<arg>${count}</arg>
<arg>${EMPTY}</arg>
<doc>Fails if the given objects are equal.</doc>
<msg timestamp="20241111 21:43:55.357" level="INFO">Argument types are:
&lt;class 'int'&gt;
&lt;class 'str'&gt;</msg>
<status status="PASS" starttime="20241111 21:43:55.357" endtime="20241111 21:43:55.357"/>
</kw>
<status status="PASS" starttime="20241111 21:43:55.353" endtime="20241111 21:43:55.357"/>
</iter>
<iter>
<var name="${index}">8</var>
<kw name="Set Variable" library="BuiltIn">
<var>${title}</var>
<arg>${response_body[${index}]['title']}</arg>
<doc>Returns the given values which can then be assigned to a variables.</doc>
<msg timestamp="20241111 21:43:55.357" level="INFO">${title} = WD 2TB Elements Portable External Hard Drive - USB 3.0 </msg>
<status status="PASS" starttime="20241111 21:43:55.357" endtime="20241111 21:43:55.357"/>
</kw>
<kw name="Should Not Be Empty" library="BuiltIn">
<arg>${title}</arg>
<doc>Verifies that the given item is not empty.</doc>
<msg timestamp="20241111 21:43:55.357" level="INFO">Length is 55</msg>
<status status="PASS" starttime="20241111 21:43:55.357" endtime="20241111 21:43:55.357"/>
</kw>
<kw name="Set Variable" library="BuiltIn">
<var>${price}</var>
<arg>${response_body[${index}]['price']}</arg>
<doc>Returns the given values which can then be assigned to a variables.</doc>
<msg timestamp="20241111 21:43:55.357" level="INFO">${price} = 64</msg>
<status status="PASS" starttime="20241111 21:43:55.357" endtime="20241111 21:43:55.357"/>
</kw>
<kw name="Should Not Be Equal" library="BuiltIn">
<arg>${price}</arg>
<arg>${EMPTY}</arg>
<doc>Fails if the given objects are equal.</doc>
<msg timestamp="20241111 21:43:55.358" level="INFO">Argument types are:
&lt;class 'int'&gt;
&lt;class 'str'&gt;</msg>
<status status="PASS" starttime="20241111 21:43:55.358" endtime="20241111 21:43:55.358"/>
</kw>
<kw name="Set Variable" library="BuiltIn">
<var>${description}</var>
<arg>${response_body[${index}]['description']}</arg>
<doc>Returns the given values which can then be assigned to a variables.</doc>
<msg timestamp="20241111 21:43:55.358" level="INFO">${description} = USB 3.0 and USB 2.0 Compatibility Fast data transfers Improve PC Performance High Capacity; Compatibility Formatted NTFS for Windows 10, Windows 8.1, Windows 7; Reformatting may be required for other ...</msg>
<status status="PASS" starttime="20241111 21:43:55.358" endtime="20241111 21:43:55.358"/>
</kw>
<kw name="Should Not Be Empty" library="BuiltIn">
<arg>${description}</arg>
<doc>Verifies that the given item is not empty.</doc>
<msg timestamp="20241111 21:43:55.358" level="INFO">Length is 305</msg>
<status status="PASS" starttime="20241111 21:43:55.358" endtime="20241111 21:43:55.358"/>
</kw>
<kw name="Set Variable" library="BuiltIn">
<var>${category}</var>
<arg>${response_body[${index}]['category']}</arg>
<doc>Returns the given values which can then be assigned to a variables.</doc>
<msg timestamp="20241111 21:43:55.358" level="INFO">${category} = electronics</msg>
<status status="PASS" starttime="20241111 21:43:55.358" endtime="20241111 21:43:55.358"/>
</kw>
<kw name="Should Not Be Empty" library="BuiltIn">
<arg>${category}</arg>
<doc>Verifies that the given item is not empty.</doc>
<msg timestamp="20241111 21:43:55.358" level="INFO">Length is 11</msg>
<status status="PASS" starttime="20241111 21:43:55.358" endtime="20241111 21:43:55.358"/>
</kw>
<kw name="Set Variable" library="BuiltIn">
<var>${image}</var>
<arg>${response_body[${index}]['image']}</arg>
<doc>Returns the given values which can then be assigned to a variables.</doc>
<msg timestamp="20241111 21:43:55.359" level="INFO">${image} = https://fakestoreapi.com/img/61IBBVJvSDL._AC_SY879_.jpg</msg>
<status status="PASS" starttime="20241111 21:43:55.358" endtime="20241111 21:43:55.359"/>
</kw>
<kw name="Should Not Be Empty" library="BuiltIn">
<arg>${image}</arg>
<doc>Verifies that the given item is not empty.</doc>
<msg timestamp="20241111 21:43:55.359" level="INFO">Length is 55</msg>
<status status="PASS" starttime="20241111 21:43:55.359" endtime="20241111 21:43:55.359"/>
</kw>
<kw name="Set Variable" library="BuiltIn">
<var>${rate}</var>
<arg>${response_body[${index}]['rating']['rate']}</arg>
<doc>Returns the given values which can then be assigned to a variables.</doc>
<msg timestamp="20241111 21:43:55.359" level="INFO">${rate} = 3.3</msg>
<status status="PASS" starttime="20241111 21:43:55.359" endtime="20241111 21:43:55.359"/>
</kw>
<kw name="Should Not Be Equal" library="BuiltIn">
<arg>${rate}</arg>
<arg>${EMPTY}</arg>
<doc>Fails if the given objects are equal.</doc>
<msg timestamp="20241111 21:43:55.359" level="INFO">Argument types are:
&lt;class 'float'&gt;
&lt;class 'str'&gt;</msg>
<status status="PASS" starttime="20241111 21:43:55.359" endtime="20241111 21:43:55.359"/>
</kw>
<kw name="Set Variable" library="BuiltIn">
<var>${count}</var>
<arg>${response_body[${index}]['rating']['count']}</arg>
<doc>Returns the given values which can then be assigned to a variables.</doc>
<msg timestamp="20241111 21:43:55.360" level="INFO">${count} = 203</msg>
<status status="PASS" starttime="20241111 21:43:55.359" endtime="20241111 21:43:55.360"/>
</kw>
<kw name="Should Not Be Equal" library="BuiltIn">
<arg>${count}</arg>
<arg>${EMPTY}</arg>
<doc>Fails if the given objects are equal.</doc>
<msg timestamp="20241111 21:43:55.360" level="INFO">Argument types are:
&lt;class 'int'&gt;
&lt;class 'str'&gt;</msg>
<status status="PASS" starttime="20241111 21:43:55.360" endtime="20241111 21:43:55.360"/>
</kw>
<status status="PASS" starttime="20241111 21:43:55.357" endtime="20241111 21:43:55.360"/>
</iter>
<iter>
<var name="${index}">9</var>
<kw name="Set Variable" library="BuiltIn">
<var>${title}</var>
<arg>${response_body[${index}]['title']}</arg>
<doc>Returns the given values which can then be assigned to a variables.</doc>
<msg timestamp="20241111 21:43:55.360" level="INFO">${title} = SanDisk SSD PLUS 1TB Internal SSD - SATA III 6 Gb/s</msg>
<status status="PASS" starttime="20241111 21:43:55.360" endtime="20241111 21:43:55.361"/>
</kw>
<kw name="Should Not Be Empty" library="BuiltIn">
<arg>${title}</arg>
<doc>Verifies that the given item is not empty.</doc>
<msg timestamp="20241111 21:43:55.361" level="INFO">Length is 51</msg>
<status status="PASS" starttime="20241111 21:43:55.361" endtime="20241111 21:43:55.361"/>
</kw>
<kw name="Set Variable" library="BuiltIn">
<var>${price}</var>
<arg>${response_body[${index}]['price']}</arg>
<doc>Returns the given values which can then be assigned to a variables.</doc>
<msg timestamp="20241111 21:43:55.361" level="INFO">${price} = 109</msg>
<status status="PASS" starttime="20241111 21:43:55.361" endtime="20241111 21:43:55.361"/>
</kw>
<kw name="Should Not Be Equal" library="BuiltIn">
<arg>${price}</arg>
<arg>${EMPTY}</arg>
<doc>Fails if the given objects are equal.</doc>
<msg timestamp="20241111 21:43:55.361" level="INFO">Argument types are:
&lt;class 'int'&gt;
&lt;class 'str'&gt;</msg>
<status status="PASS" starttime="20241111 21:43:55.361" endtime="20241111 21:43:55.361"/>
</kw>
<kw name="Set Variable" library="BuiltIn">
<var>${description}</var>
<arg>${response_body[${index}]['description']}</arg>
<doc>Returns the given values which can then be assigned to a variables.</doc>
<msg timestamp="20241111 21:43:55.361" level="INFO">${description} = Easy upgrade for faster boot up, shutdown, application load and response (As compared to 5400 RPM SATA 2.5” hard drive; Based on published specifications and internal benchmarking tests using PCMark v...</msg>
<status status="PASS" starttime="20241111 21:43:55.361" endtime="20241111 21:43:55.362"/>
</kw>
<kw name="Should Not Be Empty" library="BuiltIn">
<arg>${description}</arg>
<doc>Verifies that the given item is not empty.</doc>
<msg timestamp="20241111 21:43:55.362" level="INFO">Length is 495</msg>
<status status="PASS" starttime="20241111 21:43:55.362" endtime="20241111 21:43:55.362"/>
</kw>
<kw name="Set Variable" library="BuiltIn">
<var>${category}</var>
<arg>${response_body[${index}]['category']}</arg>
<doc>Returns the given values which can then be assigned to a variables.</doc>
<msg timestamp="20241111 21:43:55.362" level="INFO">${category} = electronics</msg>
<status status="PASS" starttime="20241111 21:43:55.362" endtime="20241111 21:43:55.362"/>
</kw>
<kw name="Should Not Be Empty" library="BuiltIn">
<arg>${category}</arg>
<doc>Verifies that the given item is not empty.</doc>
<msg timestamp="20241111 21:43:55.362" level="INFO">Length is 11</msg>
<status status="PASS" starttime="20241111 21:43:55.362" endtime="20241111 21:43:55.362"/>
</kw>
<kw name="Set Variable" library="BuiltIn">
<var>${image}</var>
<arg>${response_body[${index}]['image']}</arg>
<doc>Returns the given values which can then be assigned to a variables.</doc>
<msg timestamp="20241111 21:43:55.362" level="INFO">${image} = https://fakestoreapi.com/img/61U7T1koQqL._AC_SX679_.jpg</msg>
<status status="PASS" starttime="20241111 21:43:55.362" endtime="20241111 21:43:55.362"/>
</kw>
<kw name="Should Not Be Empty" library="BuiltIn">
<arg>${image}</arg>
<doc>Verifies that the given item is not empty.</doc>
<msg timestamp="20241111 21:43:55.362" level="INFO">Length is 55</msg>
<status status="PASS" starttime="20241111 21:43:55.362" endtime="20241111 21:43:55.362"/>
</kw>
<kw name="Set Variable" library="BuiltIn">
<var>${rate}</var>
<arg>${response_body[${index}]['rating']['rate']}</arg>
<doc>Returns the given values which can then be assigned to a variables.</doc>
<msg timestamp="20241111 21:43:55.363" level="INFO">${rate} = 2.9</msg>
<status status="PASS" starttime="20241111 21:43:55.362" endtime="20241111 21:43:55.363"/>
</kw>
<kw name="Should Not Be Equal" library="BuiltIn">
<arg>${rate}</arg>
<arg>${EMPTY}</arg>
<doc>Fails if the given objects are equal.</doc>
<msg timestamp="20241111 21:43:55.363" level="INFO">Argument types are:
&lt;class 'float'&gt;
&lt;class 'str'&gt;</msg>
<status status="PASS" starttime="20241111 21:43:55.363" endtime="20241111 21:43:55.363"/>
</kw>
<kw name="Set Variable" library="BuiltIn">
<var>${count}</var>
<arg>${response_body[${index}]['rating']['count']}</arg>
<doc>Returns the given values which can then be assigned to a variables.</doc>
<msg timestamp="20241111 21:43:55.363" level="INFO">${count} = 470</msg>
<status status="PASS" starttime="20241111 21:43:55.363" endtime="20241111 21:43:55.363"/>
</kw>
<kw name="Should Not Be Equal" library="BuiltIn">
<arg>${count}</arg>
<arg>${EMPTY}</arg>
<doc>Fails if the given objects are equal.</doc>
<msg timestamp="20241111 21:43:55.363" level="INFO">Argument types are:
&lt;class 'int'&gt;
&lt;class 'str'&gt;</msg>
<status status="PASS" starttime="20241111 21:43:55.363" endtime="20241111 21:43:55.363"/>
</kw>
<status status="PASS" starttime="20241111 21:43:55.360" endtime="20241111 21:43:55.363"/>
</iter>
<iter>
<var name="${index}">10</var>
<kw name="Set Variable" library="BuiltIn">
<var>${title}</var>
<arg>${response_body[${index}]['title']}</arg>
<doc>Returns the given values which can then be assigned to a variables.</doc>
[...]
</if>
<status status="PASS" starttime="20241111 21:44:02.987" endtime="20241111 21:44:02.989"/>
</iter>
<iter>
<var name="${index}">11</var>
<if>
<branch type="IF" condition="'${sort_value}' == 'desc'">
<kw name="Set Variable" library="BuiltIn">
<var>${previous_id}</var>
<arg>${response_body[${index}]['id']}</arg>
<doc>Returns the given values which can then be assigned to a variables.</doc>
<msg timestamp="20241111 21:44:02.989" level="INFO">${previous_id} = 9</msg>
<status status="PASS" starttime="20241111 21:44:02.989" endtime="20241111 21:44:02.989"/>
</kw>
<kw name="Set Variable" library="BuiltIn">
<var>${next_id}</var>
<arg>${response_body[${index} + 1]['id']}</arg>
<doc>Returns the given values which can then be assigned to a variables.</doc>
<msg timestamp="20241111 21:44:02.989" level="INFO">${next_id} = 8</msg>
<status status="PASS" starttime="20241111 21:44:02.989" endtime="20241111 21:44:02.989"/>
</kw>
<kw name="Should Be True" library="BuiltIn">
<arg>${previous_id} &gt; ${next_id}</arg>
<doc>Fails if the given condition is not true.</doc>
<status status="PASS" starttime="20241111 21:44:02.990" endtime="20241111 21:44:02.990"/>
</kw>
<status status="PASS" starttime="20241111 21:44:02.989" endtime="20241111 21:44:02.990"/>
</branch>
<branch type="ELSE">
<kw name="Set Variable" library="BuiltIn">
<var>${previous_id}</var>
<arg>${response_body[${index}]['id']}</arg>
<doc>Returns the given values which can then be assigned to a variables.</doc>
<status status="NOT RUN" starttime="20241111 21:44:02.990" endtime="20241111 21:44:02.990"/>
</kw>
<kw name="Set Variable" library="BuiltIn">
<var>${next_id}</var>
<arg>${response_body[${index} + 1]['id']}</arg>
<doc>Returns the given values which can then be assigned to a variables.</doc>
<status status="NOT RUN" starttime="20241111 21:44:02.990" endtime="20241111 21:44:02.990"/>
</kw>
<kw name="Should Be True" library="BuiltIn">
<arg>${previous_id} &lt; ${next_id}</arg>
<doc>Fails if the given condition is not true.</doc>
<status status="NOT RUN" starttime="20241111 21:44:02.990" endtime="20241111 21:44:02.990"/>
</kw>
<status status="NOT RUN" starttime="20241111 21:44:02.990" endtime="20241111 21:44:02.990"/>
</branch>
<status status="PASS" starttime="20241111 21:44:02.989" endtime="20241111 21:44:02.990"/>
</if>
<status status="PASS" starttime="20241111 21:44:02.989" endtime="20241111 21:44:02.990"/>
</iter>
<iter>
<var name="${index}">12</var>
<if>
<branch type="IF" condition="'${sort_value}' == 'desc'">
<kw name="Set Variable" library="BuiltIn">
<var>${previous_id}</var>
<arg>${response_body[${index}]['id']}</arg>
<doc>Returns the given values which can then be assigned to a variables.</doc>
<msg timestamp="20241111 21:44:02.990" level="INFO">${previous_id} = 8</msg>
<status status="PASS" starttime="20241111 21:44:02.990" endtime="20241111 21:44:02.990"/>
</kw>
<kw name="Set Variable" library="BuiltIn">
<var>${next_id}</var>
<arg>${response_body[${index} + 1]['id']}</arg>
<doc>Returns the given values which can then be assigned to a variables.</doc>
<msg timestamp="20241111 21:44:02.991" level="INFO">${next_id} = 7</msg>
<status status="PASS" starttime="20241111 21:44:02.990" endtime="20241111 21:44:02.991"/>
</kw>
<kw name="Should Be True" library="BuiltIn">
<arg>${previous_id} &gt; ${next_id}</arg>
<doc>Fails if the given condition is not true.</doc>
<status status="PASS" starttime="20241111 21:44:02.991" endtime="20241111 21:44:02.991"/>
</kw>
<status status="PASS" starttime="20241111 21:44:02.990" endtime="20241111 21:44:02.991"/>
</branch>
<branch type="ELSE">
<kw name="Set Variable" library="BuiltIn">
<var>${previous_id}</var>
<arg>${response_body[${index}]['id']}</arg>
<doc>Returns the given values which can then be assigned to a variables.</doc>
<status status="NOT RUN" starttime="20241111 21:44:02.991" endtime="20241111 21:44:02.991"/>
</kw>
<kw name="Set Variable" library="BuiltIn">
<var>${next_id}</var>
<arg>${response_body[${index} + 1]['id']}</arg>
<doc>Returns the given values which can then be assigned to a variables.</doc>
<status status="NOT RUN" starttime="20241111 21:44:02.991" endtime="20241111 21:44:02.991"/>
</kw>
<kw name="Should Be True" library="BuiltIn">
<arg>${previous_id} &lt; ${next_id}</arg>
<doc>Fails if the given condition is not true.</doc>
<status status="NOT RUN" starttime="20241111 21:44:02.991" endtime="20241111 21:44:02.991"/>
</kw>
<status status="NOT RUN" starttime="20241111 21:44:02.991" endtime="20241111 21:44:02.991"/>
</branch>
<status status="PASS" starttime="20241111 21:44:02.990" endtime="20241111 21:44:02.991"/>
</if>
<status status="PASS" starttime="20241111 21:44:02.990" endtime="20241111 21:44:02.991"/>
</iter>
<iter>
<var name="${index}">13</var>
<if>
<branch type="IF" condition="'${sort_value}' == 'desc'">
<kw name="Set Variable" library="BuiltIn">
<var>${previous_id}</var>
<arg>${response_body[${index}]['id']}</arg>
<doc>Returns the given values which can then be assigned to a variables.</doc>
<msg timestamp="20241111 21:44:02.991" level="INFO">${previous_id} = 7</msg>
<status status="PASS" starttime="20241111 21:44:02.991" endtime="20241111 21:44:02.991"/>
</kw>
<kw name="Set Variable" library="BuiltIn">
<var>${next_id}</var>
<arg>${response_body[${index} + 1]['id']}</arg>
<doc>Returns the given values which can then be assigned to a variables.</doc>
<msg timestamp="20241111 21:44:02.992" level="INFO">${next_id} = 6</msg>
<status status="PASS" starttime="20241111 21:44:02.991" endtime="20241111 21:44:02.992"/>
</kw>
<kw name="Should Be True" library="BuiltIn">
<arg>${previous_id} &gt; ${next_id}</arg>
<doc>Fails if the given condition is not true.</doc>
<status status="PASS" starttime="20241111 21:44:02.992" endtime="20241111 21:44:02.992"/>
</kw>
<status status="PASS" starttime="20241111 21:44:02.991" endtime="20241111 21:44:02.992"/>
</branch>
<branch type="ELSE">
<kw name="Set Variable" library="BuiltIn">
<var>${previous_id}</var>
<arg>${response_body[${index}]['id']}</arg>
<doc>Returns the given values which can then be assigned to a variables.</doc>
<status status="NOT RUN" starttime="20241111 21:44:02.992" endtime="20241111 21:44:02.992"/>
</kw>
<kw name="Set Variable" library="BuiltIn">
<var>${next_id}</var>
<arg>${response_body[${index} + 1]['id']}</arg>
<doc>Returns the given values which can then be assigned to a variables.</doc>
<status status="NOT RUN" starttime="20241111 21:44:02.992" endtime="20241111 21:44:02.992"/>
</kw>
<kw name="Should Be True" library="BuiltIn">
<arg>${previous_id} &lt; ${next_id}</arg>
<doc>Fails if the given condition is not true.</doc>
<status status="NOT RUN" starttime="20241111 21:44:02.992" endtime="20241111 21:44:02.992"/>
</kw>
<status status="NOT RUN" starttime="20241111 21:44:02.992" endtime="20241111 21:44:02.992"/>
</branch>
<status status="PASS" starttime="20241111 21:44:02.991" endtime="20241111 21:44:02.992"/>
</if>
<status status="PASS" starttime="20241111 21:44:02.991" endtime="20241111 21:44:02.992"/>
</iter>
<iter>
<var name="${index}">14</var>
<if>
<branch type="IF" condition="'${sort_value}' == 'desc'">
<kw name="Set Variable" library="BuiltIn">
<var>${previous_id}</var>
<arg>${response_body[${index}]['id']}</arg>
<doc>Returns the given values which can then be assigned to a variables.</doc>
<msg timestamp="20241111 21:44:02.993" level="INFO">${previous_id} = 6</msg>
<status status="PASS" starttime="20241111 21:44:02.992" endtime="20241111 21:44:02.993"/>
</kw>
<kw name="Set Variable" library="BuiltIn">
<var>${next_id}</var>
<arg>${response_body[${index} + 1]['id']}</arg>
<doc>Returns the given values which can then be assigned to a variables.</doc>
<msg timestamp="20241111 21:44:02.993" level="INFO">${next_id} = 5</msg>
<status status="PASS" starttime="20241111 21:44:02.993" endtime="20241111 21:44:02.993"/>
</kw>
<kw name="Should Be True" library="BuiltIn">
<arg>${previous_id} &gt; ${next_id}</arg>
<doc>Fails if the given condition is not true.</doc>
<status status="PASS" starttime="20241111 21:44:02.993" endtime="20241111 21:44:02.993"/>
</kw>
<status status="PASS" starttime="20241111 21:44:02.992" endtime="20241111 21:44:02.993"/>
</branch>
<branch type="ELSE">
<kw name="Set Variable" library="BuiltIn">
<var>${previous_id}</var>
<arg>${response_body[${index}]['id']}</arg>
<doc>Returns the given values which can then be assigned to a variables.</doc>
<status status="NOT RUN" starttime="20241111 21:44:02.993" endtime="20241111 21:44:02.993"/>
</kw>
<kw name="Set Variable" library="BuiltIn">
<var>${next_id}</var>
<arg>${response_body[${index} + 1]['id']}</arg>
<doc>Returns the given values which can then be assigned to a variables.</doc>
<status status="NOT RUN" starttime="20241111 21:44:02.993" endtime="20241111 21:44:02.993"/>
</kw>
<kw name="Should Be True" library="BuiltIn">
<arg>${previous_id} &lt; ${next_id}</arg>
<doc>Fails if the given condition is not true.</doc>
<status status="NOT RUN" starttime="20241111 21:44:02.993" endtime="20241111 21:44:02.993"/>
</kw>
<status status="NOT RUN" starttime="20241111 21:44:02.993" endtime="20241111 21:44:02.993"/>
</branch>
<status status="PASS" starttime="20241111 21:44:02.992" endtime="20241111 21:44:02.993"/>
</if>
<status status="PASS" starttime="20241111 21:44:02.992" endtime="20241111 21:44:02.993"/>
</iter>
<iter>
<var name="${index}">15</var>
<if>
<branch type="IF" condition="'${sort_value}' == 'desc'">
<kw name="Set Variable" library="BuiltIn">
<var>${previous_id}</var>
<arg>${response_body[${index}]['id']}</arg>
<doc>Returns the given values which can then be assigned to a variables.</doc>
<msg timestamp="20241111 21:44:02.994" level="INFO">${previous_id} = 5</msg>
<status status="PASS" starttime="20241111 21:44:02.994" endtime="20241111 21:44:02.994"/>
</kw>
<kw name="Set Variable" library="BuiltIn">
<var>${next_id}</var>
<arg>${response_body[${index} + 1]['id']}</arg>
<doc>Returns the given values which can then be assigned to a variables.</doc>
<msg timestamp="20241111 21:44:02.994" level="INFO">${next_id} = 4</msg>
<status status="PASS" starttime="20241111 21:44:02.994" endtime="20241111 21:44:02.994"/>
</kw>
<kw name="Should Be True" library="BuiltIn">
<arg>${previous_id} &gt; ${next_id}</arg>
<doc>Fails if the given condition is not true.</doc>
<status status="PASS" starttime="20241111 21:44:02.994" endtime="20241111 21:44:02.994"/>
</kw>
<status status="PASS" starttime="20241111 21:44:02.993" endtime="20241111 21:44:02.994"/>
</branch>
<branch type="ELSE">
<kw name="Set Variable" library="BuiltIn">
<var>${previous_id}</var>
<arg>${response_body[${index}]['id']}</arg>
<doc>Returns the given values which can then be assigned to a variables.</doc>
<status status="NOT RUN" starttime="20241111 21:44:02.994" endtime="20241111 21:44:02.994"/>
</kw>
<kw name="Set Variable" library="BuiltIn">
<var>${next_id}</var>
<arg>${response_body[${index} + 1]['id']}</arg>
<doc>Returns the given values which can then be assigned to a variables.</doc>
<status status="NOT RUN" starttime="20241111 21:44:02.994" endtime="20241111 21:44:02.994"/>
</kw>
<kw name="Should Be True" library="BuiltIn">
<arg>${previous_id} &lt; ${next_id}</arg>
<doc>Fails if the given condition is not true.</doc>
<status status="NOT RUN" starttime="20241111 21:44:02.995" endtime="20241111 21:44:02.995"/>
</kw>
<status status="NOT RUN" starttime="20241111 21:44:02.994" endtime="20241111 21:44:02.995"/>
</branch>
<status status="PASS" starttime="20241111 21:44:02.993" endtime="20241111 21:44:02.995"/>
</if>
<status status="PASS" starttime="20241111 21:44:02.993" endtime="20241111 21:44:02.995"/>
</iter>
<iter>
<var name="${index}">16</var>
<if>
<branch type="IF" condition="'${sort_value}' == 'desc'">
<kw name="Set Variable" library="BuiltIn">
<var>${previous_id}</var>
<arg>${response_body[${index}]['id']}</arg>
<doc>Returns the given values which can then be assigned to a variables.</doc>
<msg timestamp="20241111 21:44:02.995" level="INFO">${previous_id} = 4</msg>
<status status="PASS" starttime="20241111 21:44:02.995" endtime="20241111 21:44:02.995"/>
</kw>
<kw name="Set Variable" library="BuiltIn">
<var>${next_id}</var>
<arg>${response_body[${index} + 1]['id']}</arg>
<doc>Returns the given values which can then be assigned to a variables.</doc>
<msg timestamp="20241111 21:44:02.995" level="INFO">${next_id} = 3</msg>
<status status="PASS" starttime="20241111 21:44:02.995" endtime="20241111 21:44:02.995"/>
</kw>
<kw name="Should Be True" library="BuiltIn">
<arg>${previous_id} &gt; ${next_id}</arg>
<doc>Fails if the given condition is not true.</doc>
<status status="PASS" starttime="20241111 21:44:02.995" endtime="20241111 21:44:02.996"/>
</kw>
<status status="PASS" starttime="20241111 21:44:02.995" endtime="20241111 21:44:02.996"/>
</branch>
<branch type="ELSE">
<kw name="Set Variable" library="BuiltIn">
<var>${previous_id}</var>
<arg>${response_body[${index}]['id']}</arg>
<doc>Returns the given values which can then be assigned to a variables.</doc>
<status status="NOT RUN" starttime="20241111 21:44:02.996" endtime="20241111 21:44:02.996"/>
</kw>
<kw name="Set Variable" library="BuiltIn">
<var>${next_id}</var>
<arg>${response_body[${index} + 1]['id']}</arg>
<doc>Returns the given values which can then be assigned to a variables.</doc>
<status status="NOT RUN" starttime="20241111 21:44:02.996" endtime="20241111 21:44:02.996"/>
</kw>
<kw name="Should Be True" library="BuiltIn">
<arg>${previous_id} &lt; ${next_id}</arg>
<doc>Fails if the given condition is not true.</doc>
<status status="NOT RUN" starttime="20241111 21:44:02.996" endtime="20241111 21:44:02.996"/>
</kw>
<status status="NOT RUN" starttime="20241111 21:44:02.996" endtime="20241111 21:44:02.996"/>
</branch>
<status status="PASS" starttime="20241111 21:44:02.995" endtime="20241111 21:44:02.996"/>
</if>
<status status="PASS" starttime="20241111 21:44:02.995" endtime="20241111 21:44:02.996"/>
</iter>
<iter>
<var name="${index}">17</var>
<if>
<branch type="IF" condition="'${sort_value}' == 'desc'">
<kw name="Set Variable" library="BuiltIn">
<var>${previous_id}</var>
<arg>${response_body[${index}]['id']}</arg>
<doc>Returns the given values which can then be assigned to a variables.</doc>
<msg timestamp="20241111 21:44:02.996" level="INFO">${previous_id} = 3</msg>
<status status="PASS" starttime="20241111 21:44:02.996" endtime="20241111 21:44:02.996"/>
</kw>
<kw name="Set Variable" library="BuiltIn">
<var>${next_id}</var>
<arg>${response_body[${index} + 1]['id']}</arg>
<doc>Returns the given values which can then be assigned to a variables.</doc>
<msg timestamp="20241111 21:44:02.997" level="INFO">${next_id} = 2</msg>
<status status="PASS" starttime="20241111 21:44:02.996" endtime="20241111 21:44:02.997"/>
</kw>
<kw name="Should Be True" library="BuiltIn">
<arg>${previous_id} &gt; ${next_id}</arg>
<doc>Fails if the given condition is not true.</doc>
<status status="PASS" starttime="20241111 21:44:02.997" endtime="20241111 21:44:02.997"/>
</kw>
<status status="PASS" starttime="20241111 21:44:02.996" endtime="20241111 21:44:02.997"/>
</branch>
<branch type="ELSE">
<kw name="Set Variable" library="BuiltIn">
<var>${previous_id}</var>
<arg>${response_body[${index}]['id']}</arg>
<doc>Returns the given values which can then be assigned to a variables.</doc>
<status status="NOT RUN" starttime="20241111 21:44:02.997" endtime="20241111 21:44:02.997"/>
</kw>
<kw name="Set Variable" library="BuiltIn">
<var>${next_id}</var>
<arg>${response_body[${index} + 1]['id']}</arg>
<doc>Returns the given values which can then be assigned to a variables.</doc>
<status status="NOT RUN" starttime="20241111 21:44:02.997" endtime="20241111 21:44:02.997"/>
</kw>
<kw name="Should Be True" library="BuiltIn">
<arg>${previous_id} &lt; ${next_id}</arg>
<doc>Fails if the given condition is not true.</doc>
<status status="NOT RUN" starttime="20241111 21:44:02.997" endtime="20241111 21:44:02.997"/>
</kw>
<status status="NOT RUN" starttime="20241111 21:44:02.997" endtime="20241111 21:44:02.997"/>
</branch>
<status status="PASS" starttime="20241111 21:44:02.996" endtime="20241111 21:44:02.997"/>
</if>
<status status="PASS" starttime="20241111 21:44:02.996" endtime="20241111 21:44:02.997"/>
</iter>
<iter>
<var name="${index}">18</var>
<if>
<branch type="IF" condition="'${sort_value}' == 'desc'">
<kw name="Set Variable" library="BuiltIn">
<var>${previous_id}</var>
<arg>${response_body[${index}]['id']}</arg>
<doc>Returns the given values which can then be assigned to a variables.</doc>
<msg timestamp="20241111 21:44:02.998" level="INFO">${previous_id} = 2</msg>
<status status="PASS" starttime="20241111 21:44:02.997" endtime="20241111 21:44:02.998"/>
</kw>
<kw name="Set Variable" library="BuiltIn">
<var>${next_id}</var>
<arg>${response_body[${index} + 1]['id']}</arg>
<doc>Returns the given values which can then be assigned to a variables.</doc>
<msg timestamp="20241111 21:44:02.998" level="INFO">${next_id} = 1</msg>
<status status="PASS" starttime="20241111 21:44:02.998" endtime="20241111 21:44:02.998"/>
</kw>
<kw name="Should Be True" library="BuiltIn">
<arg>${previous_id} &gt; ${next_id}</arg>
<doc>Fails if the given condition is not true.</doc>
<status status="PASS" starttime="20241111 21:44:02.998" endtime="20241111 21:44:02.998"/>
</kw>
<status status="PASS" starttime="20241111 21:44:02.997" endtime="20241111 21:44:02.998"/>
</branch>
<branch type="ELSE">
<kw name="Set Variable" library="BuiltIn">
<var>${previous_id}</var>
<arg>${response_body[${index}]['id']}</arg>
<doc>Returns the given values which can then be assigned to a variables.</doc>
<status status="NOT RUN" starttime="20241111 21:44:02.998" endtime="20241111 21:44:02.998"/>
</kw>
<kw name="Set Variable" library="BuiltIn">
<var>${next_id}</var>
<arg>${response_body[${index} + 1]['id']}</arg>
<doc>Returns the given values which can then be assigned to a variables.</doc>
<status status="NOT RUN" starttime="20241111 21:44:02.998" endtime="20241111 21:44:02.998"/>
</kw>
<kw name="Should Be True" library="BuiltIn">
<arg>${previous_id} &lt; ${next_id}</arg>
<doc>Fails if the given condition is not true.</doc>
<status status="NOT RUN" starttime="20241111 21:44:02.998" endtime="20241111 21:44:02.998"/>
</kw>
<status status="NOT RUN" starttime="20241111 21:44:02.998" endtime="20241111 21:44:02.998"/>
</branch>
<status status="PASS" starttime="20241111 21:44:02.997" endtime="20241111 21:44:02.998"/>
</if>
<status status="PASS" starttime="20241111 21:44:02.997" endtime="20241111 21:44:02.998"/>
</iter>
<status status="PASS" starttime="20241111 21:44:02.973" endtime="20241111 21:44:02.998"/>
</for>
<status status="PASS" starttime="20241111 21:44:02.955" endtime="20241111 21:44:02.998"/>
</kw>
<tag>Positive</tag>
<tag>TS06</tag>
<tag>TS06-TC01</tag>
<status status="PASS" starttime="20241111 21:44:02.134" endtime="20241111 21:44:02.998"/>
</test>
<status status="PASS" starttime="20241111 21:43:53.452" endtime="20241111 21:44:02.999"/>
</suite>
<statistics>
<total>
<stat pass="8" fail="0" skip="0">All Tests</stat>
</total>
<tag>
<stat pass="2" fail="0" skip="0">Negative</stat>
<stat pass="6" fail="0" skip="0">Positive</stat>
<stat pass="1" fail="0" skip="0">TS01</stat>
<stat pass="1" fail="0" skip="0">TS01-TC01</stat>
<stat pass="1" fail="0" skip="0">TS02</stat>
<stat pass="1" fail="0" skip="0">TS02-TC01</stat>
<stat pass="2" fail="0" skip="0">TS03</stat>
<stat pass="1" fail="0" skip="0">TS03-TC01</stat>
<stat pass="1" fail="0" skip="0">TS03-TC02</stat>
<stat pass="2" fail="0" skip="0">TS04</stat>
<stat pass="1" fail="0" skip="0">TS04-TC01</stat>
<stat pass="1" fail="0" skip="0">TS04-TC02</stat>
<stat pass="1" fail="0" skip="0">TS05</stat>
<stat pass="1" fail="0" skip="0">TS05-TC01</stat>
<stat pass="1" fail="0" skip="0">TS06</stat>
<stat pass="1" fail="0" skip="0">TS06-TC01</stat>
</tag>
<suite>
<stat pass="8" fail="0" skip="0" id="s1" name="Api Test Cases">Api Test Cases</stat>
</suite>
</statistics>
<errors>
</errors>
</robot>
